Wed Mar 11 09:25:45 CET 2020 FINE: Logs written to ./cameo.log
Wed Mar 11 09:25:45 CET 2020 FINE: Endpoint is tcp://gamma36:7000
Wed Mar 11 09:25:45 CET 2020 FINE: *********************************
Wed Mar 11 09:25:45 CET 2020 FINE: List of applications            *
Wed Mar 11 09:25:45 CET 2020 FINE: *********************************
Wed Mar 11 09:25:45 CET 2020 FINE: ApplicationConfig [name=ns, description=, directory=null, startCommand=nomad, startArgs=-ics test, errorComand=nomadservererror.sh, errorArgs=, startingTime=-1, retries=0, logDirectory=., stream=true, streamPort=7002, stopTimeout=20, stopCommand=kill, stopArgs=-2 $PID, runSingle=true, restart=false, passInfo=true]
Wed Mar 11 09:25:45 CET 2020 FINE: *********************************
Wed Mar 11 09:25:45 CET 2020 FINE: ApplicationConfig [name=nsd, description=, directory=null, startCommand=nomad, startArgs=-ics test, errorComand=null, errorArgs=, startingTime=-1, retries=0, logDirectory=null, stream=true, streamPort=7003, stopTimeout=20, stopCommand=kill, stopArgs=-2 $PID, runSingle=true, restart=false, passInfo=true]
Wed Mar 11 09:25:45 CET 2020 FINE: *********************************
Wed Mar 11 09:25:45 CET 2020 FINE: ApplicationConfig [name=nsc, description=, directory=null, startCommand=valgrind, startArgs=--tool=callgrind nomad -ics test, errorComand=null, errorArgs=, startingTime=-1, retries=0, logDirectory=null, stream=true, streamPort=7004, stopTimeout=1, stopCommand=null, stopArgs=, runSingle=true, restart=false, passInfo=true]
Wed Mar 11 09:25:45 CET 2020 FINE: *********************************
Wed Mar 11 09:25:45 CET 2020 FINE: ApplicationConfig [name=ploty, description=, directory=null, startCommand=java, startArgs=-Djava.library.path=/usr/lib -classpath /usr/share/java/ploty/lib64/ploty-gtk.linux.x86_64.jar fr.ill.ics.PlotScreenshotGenerator, errorComand=/usr/share/java/ploty/ploty-error.sh, errorArgs=, startingTime=-1, retries=0, logDirectory=., stream=true, streamPort=7005, stopTimeout=20, stopCommand=null, stopArgs=, runSingle=true, restart=false, passInfo=true]
Wed Mar 11 09:25:45 CET 2020 FINE: *********************************
Wed Mar 11 09:25:45 CET 2020 FINE: ApplicationConfig [name=ploty-recovery, description=, directory=null, startCommand=java, startArgs=-Djava.library.path=/usr/lib -classpath /usr/share/java/ploty/lib64/ploty-gtk.linux.x86_64.jar fr.ill.ics.PlotScreenshotGenerator recoveryMode, errorComand=/usr/share/java/ploty/ploty-error.sh, errorArgs=, startingTime=-1, retries=0, logDirectory=., stream=true, streamPort=7006, stopTimeout=20, stopCommand=null, stopArgs=, runSingle=true, restart=false, passInfo=true]
Wed Mar 11 09:25:45 CET 2020 FINE: *********************************
Wed Mar 11 09:25:45 CET 2020 FINE: ApplicationConfig [name=nssim, description=, directory=null, startCommand=nomad, startArgs=-ics sim, errorComand=null, errorArgs=, startingTime=-1, retries=0, logDirectory=., stream=false, streamPort=-1, stopTimeout=20, stopCommand=kill, stopArgs=-2 $PID, runSingle=false, restart=false, passInfo=true]
Wed Mar 11 09:25:45 CET 2020 FINE: *********************************
Wed Mar 11 09:25:45 CET 2020 FINE: ApplicationConfig [name=nhisto, description=, directory=null, startCommand=lstcameohisto128, startArgs=, errorComand=null, errorArgs=, startingTime=-1, retries=0, logDirectory=., stream=true, streamPort=7007, stopTimeout=20, stopCommand=kill, stopArgs=-2 $PID, runSingle=true, restart=false, passInfo=true]
Wed Mar 11 09:25:45 CET 2020 FINE: *********************************
Wed Mar 11 09:25:45 CET 2020 FINE: ApplicationConfig [name=ncoincidence, description=, directory=null, startCommand=lstcameocoincidence128, startArgs=, errorComand=null, errorArgs=, startingTime=-1, retries=0, logDirectory=., stream=true, streamPort=7008, stopTimeout=20, stopCommand=kill, stopArgs=-2 $PID, runSingle=true, restart=false, passInfo=true]
Wed Mar 11 09:25:45 CET 2020 FINE: *********************************
Wed Mar 11 09:25:45 CET 2020 FINE: ApplicationConfig [name=logs, description=, directory=/users/legoc/nomad/NomadLogsGUI, startCommand=java, startArgs=-Dnetwork.proxy_host=proxy.ill.fr -Dnetwork.proxy_port=8888 -Djava.library.path=/usr/lib -jar target/nomadguilogs-0.0.1-SNAPSHOT-full.jar, errorComand=null, errorArgs=, startingTime=-1, retries=0, logDirectory=., stream=true, streamPort=7009, stopTimeout=20, stopCommand=null, stopArgs=, runSingle=true, restart=false, passInfo=true]
Wed Mar 11 09:25:45 CET 2020 FINE: *********************************
Wed Mar 11 09:25:45 CET 2020 FINE: ApplicationConfig [name=n3dcollisions, description=, directory=null, startCommand=nomad3dcollisionserver, startArgs=, errorComand=null, errorArgs=, startingTime=-1, retries=0, logDirectory=., stream=true, streamPort=7010, stopTimeout=20, stopCommand=kill, stopArgs=-2 $PID, runSingle=true, restart=false, passInfo=true]
Wed Mar 11 09:25:45 CET 2020 FINE: *********************************
Wed Mar 11 09:25:45 CET 2020 FINE: ApplicationConfig [name=n3dpositions, description=, directory=null, startCommand=nomad3dpositions, startArgs=, errorComand=null, errorArgs=, startingTime=-1, retries=0, logDirectory=., stream=true, streamPort=7011, stopTimeout=20, stopCommand=kill, stopArgs=-2 $PID, runSingle=true, restart=false, passInfo=true]
Wed Mar 11 09:25:45 CET 2020 FINE: *********************************
Wed Mar 11 09:25:45 CET 2020 FINE: ApplicationConfig [name=filetransfer, description=, directory=null, startCommand=java, startArgs=-Djava.library.path=/usr/lib:/usr/lib/x86_64-linux-gnu/jni -jar /users/legoc/cameo-apps/cameo-file-transfer/target/cameo-file-transfer-0.0.1-full.jar, errorComand=null, errorArgs=, startingTime=-1, retries=0, logDirectory=., stream=true, streamPort=7012, stopTimeout=20, stopCommand=null, stopArgs=, runSingle=true, restart=false, passInfo=true]
Wed Mar 11 09:25:45 CET 2020 FINE: *********************************
Wed Mar 11 09:25:45 CET 2020 FINE: ApplicationConfig [name=testfiletransfer, description=, directory=null, startCommand=java, startArgs=-Djava.library.path=/usr/lib:/usr/lib/x86_64-linux-gnu/jni -classpath /users/legoc/cameo-apps/cameo-file-transfer/target/cameo-file-transfer-0.0.1-full.jar fr.ill.ics.cameoapps.TestFileTransfer, errorComand=null, errorArgs=, startingTime=-1, retries=0, logDirectory=., stream=true, streamPort=7013, stopTimeout=20, stopCommand=null, stopArgs=, runSingle=true, restart=false, passInfo=true]
Wed Mar 11 09:25:45 CET 2020 FINE: *********************************
Wed Mar 11 09:25:45 CET 2020 FINE: ApplicationConfig [name=list, description=, directory=null, startCommand=cp, startArgs=/users/legoc/cameo-apps/cameo-lss-auto-config/list.json /tmp/res.json, errorComand=null, errorArgs=, startingTime=-1, retries=0, logDirectory=., stream=true, streamPort=7014, stopTimeout=20, stopCommand=null, stopArgs=, runSingle=true, restart=false, passInfo=false]
Wed Mar 11 09:25:45 CET 2020 FINE: *********************************
Wed Mar 11 09:25:45 CET 2020 FINE: ApplicationConfig [name=calculate, description=, directory=/users/legoc/cameo-apps/cameo-lss-auto-config/, startCommand=/users/legoc/cameo-apps/cameo-lss-auto-config/calculate.sh, startArgs=, errorComand=null, errorArgs=, startingTime=-1, retries=0, logDirectory=., stream=true, streamPort=7015, stopTimeout=20, stopCommand=null, stopArgs=, runSingle=true, restart=false, passInfo=false]
Wed Mar 11 09:25:45 CET 2020 FINE: *********************************
Wed Mar 11 09:25:45 CET 2020 FINE: ApplicationConfig [name=autoconfig, description=, directory=null, startCommand=/usr/local/bin/cameolssautoconfig, startArgs=, errorComand=null, errorArgs=, startingTime=-1, retries=0, logDirectory=., stream=true, streamPort=7016, stopTimeout=20, stopCommand=null, stopArgs=, runSingle=true, restart=false, passInfo=true]
Wed Mar 11 09:25:45 CET 2020 FINE: *********************************
Wed Mar 11 09:25:45 CET 2020 FINE: ApplicationConfig [name=vexpspy, description=, directory=null, startCommand=vexpspy, startArgs=, errorComand=null, errorArgs=, startingTime=-1, retries=0, logDirectory=., stream=true, streamPort=7017, stopTimeout=20, stopCommand=null, stopArgs=, runSingle=true, restart=false, passInfo=true]
Wed Mar 11 09:25:45 CET 2020 FINE: *********************************
Wed Mar 11 09:25:45 CET 2020 FINE: ApplicationConfig [name=madmanserver, description=, directory=null, startCommand=/users/legoc/cameo-apps/mantid-reduction-cameo/bin/madmanserver, startArgs=, errorComand=null, errorArgs=, startingTime=-1, retries=0, logDirectory=., stream=true, streamPort=7018, stopTimeout=20, stopCommand=null, stopArgs=, runSingle=true, restart=false, passInfo=true]
Wed Mar 11 09:25:45 CET 2020 FINE: *********************************
Wed Mar 11 09:25:45 CET 2020 FINE: ApplicationConfig [name=test, description=, directory=null, startCommand=/users/legoc/cameo-apps/mantid-reduction-cameo/test.sh, startArgs=, errorComand=null, errorArgs=, startingTime=-1, retries=0, logDirectory=., stream=true, streamPort=7019, stopTimeout=20, stopCommand=null, stopArgs=, runSingle=true, restart=false, passInfo=false]
Wed Mar 11 09:25:45 CET 2020 FINE: *********************************
Wed Mar 11 09:25:45 CET 2020 FINE: Max Id is 65536
