Tue Jan 04 16:58:23 CET 2022 FINE: Logs written to logs/cameo.log
Tue Jan 04 16:58:23 CET 2022 INFO: Endpoint is tcp://gamma36:10000
Tue Jan 04 16:58:23 CET 2022 FINE: List of applications
Tue Jan 04 16:58:23 CET 2022 FINE: simplejava {"startExecutable":"java","restart":false,"outputStreamPort":-1,"stopExecutable":null,"multiple":false,"description":"","directory":null,"stoppingTime":1,"errorExecutable":null,"startArgs":"fr.ill.ics.cameo.test.Simple","stopArgs":"","logDirectory":"logs","startingTime":0,"name":"simplejava","outputStream":true,"infoArg":true,"errorArgs":""}
Tue Jan 04 16:58:23 CET 2022 FINE: testsimplejava {"startExecutable":"java","restart":false,"outputStreamPort":-1,"stopExecutable":null,"multiple":false,"description":"","directory":null,"stoppingTime":1,"errorExecutable":null,"startArgs":"fr.ill.ics.cameo.test.TestSimple","stopArgs":"","logDirectory":null,"startingTime":0,"name":"testsimplejava","outputStream":true,"infoArg":true,"errorArgs":""}
Tue Jan 04 16:58:23 CET 2022 FINE: veryfastjava {"startExecutable":"java","restart":false,"outputStreamPort":-1,"stopExecutable":null,"multiple":false,"description":"","directory":null,"stoppingTime":0,"errorExecutable":null,"startArgs":"fr.ill.ics.cameo.test.VeryFast","stopArgs":"","logDirectory":null,"startingTime":0,"name":"veryfastjava","outputStream":true,"infoArg":false,"errorArgs":""}
Tue Jan 04 16:58:23 CET 2022 FINE: testveryfastjava {"startExecutable":"java","restart":false,"outputStreamPort":-1,"stopExecutable":null,"multiple":false,"description":"","directory":null,"stoppingTime":1,"errorExecutable":null,"startArgs":"fr.ill.ics.cameo.test.TestVeryFast","stopArgs":"","logDirectory":null,"startingTime":0,"name":"testveryfastjava","outputStream":true,"infoArg":true,"errorArgs":""}
Tue Jan 04 16:58:23 CET 2022 FINE: stopjava {"startExecutable":"java","restart":false,"outputStreamPort":-1,"stopExecutable":null,"multiple":true,"description":"","directory":null,"stoppingTime":2,"errorExecutable":null,"startArgs":"fr.ill.ics.cameo.test.Stop","stopArgs":"","logDirectory":null,"startingTime":0,"name":"stopjava","outputStream":true,"infoArg":true,"errorArgs":""}
Tue Jan 04 16:58:23 CET 2022 FINE: teststopjava {"startExecutable":"java","restart":false,"outputStreamPort":-1,"stopExecutable":null,"multiple":false,"description":"","directory":null,"stoppingTime":1,"errorExecutable":null,"startArgs":"fr.ill.ics.cameo.test.TestStop","stopArgs":"","logDirectory":null,"startingTime":0,"name":"teststopjava","outputStream":true,"infoArg":true,"errorArgs":""}
Tue Jan 04 16:58:23 CET 2022 FINE: resultjava {"startExecutable":"java","restart":false,"outputStreamPort":-1,"stopExecutable":null,"multiple":false,"description":"","directory":null,"stoppingTime":1,"errorExecutable":null,"startArgs":"fr.ill.ics.cameo.test.Result","stopArgs":"","logDirectory":"logs","startingTime":0,"name":"resultjava","outputStream":true,"infoArg":true,"errorArgs":""}
Tue Jan 04 16:58:23 CET 2022 FINE: testresultjava {"startExecutable":"java","restart":false,"outputStreamPort":-1,"stopExecutable":null,"multiple":false,"description":"","directory":null,"stoppingTime":1,"errorExecutable":null,"startArgs":"fr.ill.ics.cameo.test.TestResult","stopArgs":"","logDirectory":null,"startingTime":0,"name":"testresultjava","outputStream":true,"infoArg":true,"errorArgs":""}
Tue Jan 04 16:58:23 CET 2022 FINE: errorjava {"startExecutable":"java","restart":false,"outputStreamPort":-1,"stopExecutable":null,"multiple":false,"description":"","directory":null,"stoppingTime":1,"errorExecutable":null,"startArgs":"fr.ill.ics.cameo.test.Error","stopArgs":"","logDirectory":null,"startingTime":0,"name":"errorjava","outputStream":true,"infoArg":false,"errorArgs":""}
Tue Jan 04 16:58:23 CET 2022 FINE: testerrorjava {"startExecutable":"java","restart":false,"outputStreamPort":-1,"stopExecutable":null,"multiple":false,"description":"","directory":null,"stoppingTime":1,"errorExecutable":null,"startArgs":"fr.ill.ics.cameo.test.TestError","stopArgs":"","logDirectory":null,"startingTime":0,"name":"testerrorjava","outputStream":true,"infoArg":true,"errorArgs":""}
Tue Jan 04 16:58:23 CET 2022 FINE: teststoragejava {"startExecutable":"java","restart":false,"outputStreamPort":-1,"stopExecutable":null,"multiple":false,"description":"","directory":null,"stoppingTime":1,"errorExecutable":null,"startArgs":"fr.ill.ics.cameo.test.TestStorage","stopArgs":"","logDirectory":"logs","startingTime":0,"name":"teststoragejava","outputStream":true,"infoArg":true,"errorArgs":""}
Tue Jan 04 16:58:23 CET 2022 FINE: waitstoragejava {"startExecutable":"java","restart":false,"outputStreamPort":-1,"stopExecutable":null,"multiple":false,"description":"","directory":null,"stoppingTime":1,"errorExecutable":null,"startArgs":"fr.ill.ics.cameo.test.WaitStorage","stopArgs":"","logDirectory":"logs","startingTime":0,"name":"waitstoragejava","outputStream":true,"infoArg":true,"errorArgs":""}
Tue Jan 04 16:58:23 CET 2022 FINE: testwaitstoragejava {"startExecutable":"java","restart":false,"outputStreamPort":-1,"stopExecutable":null,"multiple":false,"description":"","directory":null,"stoppingTime":1,"errorExecutable":null,"startArgs":"fr.ill.ics.cameo.test.TestWaitStorage","stopArgs":"","logDirectory":"logs","startingTime":0,"name":"testwaitstoragejava","outputStream":true,"infoArg":true,"errorArgs":""}
Tue Jan 04 16:58:23 CET 2022 FINE: publisherjava {"startExecutable":"java","restart":false,"outputStreamPort":-1,"stopExecutable":null,"multiple":false,"description":"","directory":null,"stoppingTime":1,"errorExecutable":null,"startArgs":"fr.ill.ics.cameo.test.Publisher","stopArgs":"","logDirectory":"logs","startingTime":-1,"name":"publisherjava","outputStream":true,"infoArg":true,"errorArgs":""}
Tue Jan 04 16:58:23 CET 2022 FINE: testpublisherjava {"startExecutable":"java","restart":false,"outputStreamPort":-1,"stopExecutable":null,"multiple":false,"description":"","directory":null,"stoppingTime":1,"errorExecutable":null,"startArgs":"fr.ill.ics.cameo.test.TestPublisher publisherjava","stopArgs":"","logDirectory":null,"startingTime":0,"name":"testpublisherjava","outputStream":true,"infoArg":true,"errorArgs":""}
Tue Jan 04 16:58:23 CET 2022 FINE: subscriberjava {"startExecutable":"java","restart":false,"outputStreamPort":-1,"stopExecutable":null,"multiple":true,"description":"","directory":null,"stoppingTime":1,"errorExecutable":null,"startArgs":"fr.ill.ics.cameo.test.Subscriber","stopArgs":"","logDirectory":"logs","startingTime":0,"name":"subscriberjava","outputStream":true,"infoArg":true,"errorArgs":""}
Tue Jan 04 16:58:23 CET 2022 FINE: testsubscriberjava {"startExecutable":"java","restart":false,"outputStreamPort":-1,"stopExecutable":null,"multiple":false,"description":"","directory":null,"stoppingTime":1,"errorExecutable":null,"startArgs":"fr.ill.ics.cameo.test.TestSubscriber subscriberjava","stopArgs":"","logDirectory":null,"startingTime":0,"name":"testsubscriberjava","outputStream":true,"infoArg":true,"errorArgs":""}
Tue Jan 04 16:58:23 CET 2022 FINE: responderjava {"startExecutable":"java","restart":false,"outputStreamPort":-1,"stopExecutable":null,"multiple":false,"description":"","directory":null,"stoppingTime":1,"errorExecutable":null,"startArgs":"fr.ill.ics.cameo.test.Responder","stopArgs":"","logDirectory":"logs","startingTime":-1,"name":"responderjava","outputStream":true,"infoArg":true,"errorArgs":""}
Tue Jan 04 16:58:23 CET 2022 FINE: testresponderjava {"startExecutable":"java","restart":false,"outputStreamPort":-1,"stopExecutable":null,"multiple":false,"description":"","directory":null,"stoppingTime":1,"errorExecutable":null,"startArgs":"fr.ill.ics.cameo.test.TestResponder responderjava","stopArgs":"","logDirectory":"logs","startingTime":-1,"name":"testresponderjava","outputStream":true,"infoArg":true,"errorArgs":""}
Tue Jan 04 16:58:23 CET 2022 FINE: requesterjava {"startExecutable":"java","restart":false,"outputStreamPort":-1,"stopExecutable":null,"multiple":true,"description":"","directory":null,"stoppingTime":1,"errorExecutable":null,"startArgs":"fr.ill.ics.cameo.test.Requester","stopArgs":"","logDirectory":"logs","startingTime":-1,"name":"requesterjava","outputStream":true,"infoArg":true,"errorArgs":""}
Tue Jan 04 16:58:23 CET 2022 FINE: testrequesterjava {"startExecutable":"java","restart":false,"outputStreamPort":-1,"stopExecutable":null,"multiple":false,"description":"","directory":null,"stoppingTime":1,"errorExecutable":null,"startArgs":"fr.ill.ics.cameo.test.TestRequester requesterjava","stopArgs":"","logDirectory":"logs","startingTime":-1,"name":"testrequesterjava","outputStream":true,"infoArg":true,"errorArgs":""}
Tue Jan 04 16:58:23 CET 2022 FINE: publisherloopjava {"startExecutable":"java","restart":false,"outputStreamPort":-1,"stopExecutable":null,"multiple":false,"description":"","directory":null,"stoppingTime":1,"errorExecutable":null,"startArgs":"fr.ill.ics.cameo.test.PublisherLoop","stopArgs":"","logDirectory":"logs","startingTime":-1,"name":"publisherloopjava","outputStream":true,"infoArg":true,"errorArgs":""}
Tue Jan 04 16:58:23 CET 2022 FINE: testcanceljava {"startExecutable":"java","restart":false,"outputStreamPort":-1,"stopExecutable":null,"multiple":false,"description":"","directory":null,"stoppingTime":1,"errorExecutable":null,"startArgs":"fr.ill.ics.cameo.test.TestCancel","stopArgs":"","logDirectory":null,"startingTime":0,"name":"testcanceljava","outputStream":true,"infoArg":true,"errorArgs":""}
Tue Jan 04 16:58:23 CET 2022 FINE: comportjava {"startExecutable":"java","restart":false,"outputStreamPort":-1,"stopExecutable":null,"multiple":false,"description":"","directory":null,"stoppingTime":1,"errorExecutable":null,"startArgs":"fr.ill.ics.cameo.test.ComPort","stopArgs":"","logDirectory":"logs","startingTime":0,"name":"comportjava","outputStream":true,"infoArg":true,"errorArgs":""}
Tue Jan 04 16:58:23 CET 2022 FINE: testcomportjava {"startExecutable":"java","restart":false,"outputStreamPort":-1,"stopExecutable":null,"multiple":false,"description":"","directory":null,"stoppingTime":1,"errorExecutable":null,"startArgs":"fr.ill.ics.cameo.test.TestComPort","stopArgs":"","logDirectory":"logs","startingTime":0,"name":"testcomportjava","outputStream":true,"infoArg":true,"errorArgs":""}
Tue Jan 04 16:58:23 CET 2022 FINE: streamjava {"startExecutable":"java","restart":false,"outputStreamPort":-1,"stopExecutable":null,"multiple":false,"description":"","directory":null,"stoppingTime":1,"errorExecutable":null,"startArgs":"fr.ill.ics.cameo.test.Stream","stopArgs":"","logDirectory":"logs","startingTime":0,"name":"streamjava","outputStream":true,"infoArg":true,"errorArgs":""}
Tue Jan 04 16:58:23 CET 2022 FINE: teststreamjava {"startExecutable":"java","restart":false,"outputStreamPort":-1,"stopExecutable":null,"multiple":false,"description":"","directory":null,"stoppingTime":1,"errorExecutable":null,"startArgs":"fr.ill.ics.cameo.test.TestStream","stopArgs":"","logDirectory":"logs","startingTime":0,"name":"teststreamjava","outputStream":true,"infoArg":true,"errorArgs":""}
Tue Jan 04 16:58:23 CET 2022 FINE: simplecpp {"startExecutable":"simple","restart":false,"outputStreamPort":-1,"stopExecutable":null,"multiple":false,"description":"","directory":null,"stoppingTime":1,"errorExecutable":null,"startArgs":"","stopArgs":"","logDirectory":"logs","startingTime":0,"name":"simplecpp","outputStream":true,"infoArg":true,"errorArgs":""}
Tue Jan 04 16:58:23 CET 2022 FINE: testsimplecpp {"startExecutable":"testsimple","restart":false,"outputStreamPort":-1,"stopExecutable":null,"multiple":false,"description":"","directory":null,"stoppingTime":1,"errorExecutable":null,"startArgs":"","stopArgs":"","logDirectory":null,"startingTime":0,"name":"testsimplecpp","outputStream":true,"infoArg":true,"errorArgs":""}
Tue Jan 04 16:58:23 CET 2022 FINE: veryfastcpp {"startExecutable":"veryfast","restart":false,"outputStreamPort":-1,"stopExecutable":null,"multiple":false,"description":"","directory":null,"stoppingTime":1,"errorExecutable":null,"startArgs":"","stopArgs":"","logDirectory":"logs","startingTime":0,"name":"veryfastcpp","outputStream":true,"infoArg":true,"errorArgs":""}
Tue Jan 04 16:58:23 CET 2022 FINE: testveryfastcpp {"startExecutable":"testveryfast","restart":false,"outputStreamPort":-1,"stopExecutable":null,"multiple":false,"description":"","directory":null,"stoppingTime":1,"errorExecutable":null,"startArgs":"","stopArgs":"","logDirectory":null,"startingTime":0,"name":"testveryfastcpp","outputStream":true,"infoArg":true,"errorArgs":""}
Tue Jan 04 16:58:23 CET 2022 FINE: stopcpp {"startExecutable":"stop","restart":false,"outputStreamPort":-1,"stopExecutable":null,"multiple":true,"description":"","directory":null,"stoppingTime":2,"errorExecutable":null,"startArgs":"","stopArgs":"","logDirectory":null,"startingTime":0,"name":"stopcpp","outputStream":true,"infoArg":true,"errorArgs":""}
Tue Jan 04 16:58:23 CET 2022 FINE: teststopcpp {"startExecutable":"teststop","restart":false,"outputStreamPort":-1,"stopExecutable":null,"multiple":false,"description":"","directory":null,"stoppingTime":1,"errorExecutable":null,"startArgs":"","stopArgs":"","logDirectory":null,"startingTime":0,"name":"teststopcpp","outputStream":true,"infoArg":true,"errorArgs":""}
Tue Jan 04 16:58:23 CET 2022 FINE: resultcpp {"startExecutable":"result","restart":false,"outputStreamPort":-1,"stopExecutable":null,"multiple":false,"description":"","directory":null,"stoppingTime":1,"errorExecutable":null,"startArgs":"","stopArgs":"","logDirectory":"logs","startingTime":0,"name":"resultcpp","outputStream":true,"infoArg":true,"errorArgs":""}
Tue Jan 04 16:58:23 CET 2022 FINE: testresultcpp {"startExecutable":"testresult","restart":false,"outputStreamPort":-1,"stopExecutable":null,"multiple":false,"description":"","directory":null,"stoppingTime":1,"errorExecutable":null,"startArgs":"","stopArgs":"","logDirectory":null,"startingTime":0,"name":"testresultcpp","outputStream":true,"infoArg":true,"errorArgs":""}
Tue Jan 04 16:58:23 CET 2022 FINE: errorcpp {"startExecutable":"error","restart":false,"outputStreamPort":-1,"stopExecutable":null,"multiple":false,"description":"","directory":null,"stoppingTime":1,"errorExecutable":null,"startArgs":"","stopArgs":"","logDirectory":"logs","startingTime":-1,"name":"errorcpp","outputStream":true,"infoArg":true,"errorArgs":""}
Tue Jan 04 16:58:23 CET 2022 FINE: testerrorcpp {"startExecutable":"testerror","restart":false,"outputStreamPort":-1,"stopExecutable":null,"multiple":false,"description":"","directory":null,"stoppingTime":1,"errorExecutable":null,"startArgs":"","stopArgs":"","logDirectory":null,"startingTime":0,"name":"testerrorcpp","outputStream":true,"infoArg":true,"errorArgs":""}
Tue Jan 04 16:58:23 CET 2022 FINE: teststoragecpp {"startExecutable":"teststorage","restart":false,"outputStreamPort":-1,"stopExecutable":null,"multiple":false,"description":"","directory":null,"stoppingTime":1,"errorExecutable":null,"startArgs":"","stopArgs":"","logDirectory":"logs","startingTime":0,"name":"teststoragecpp","outputStream":true,"infoArg":true,"errorArgs":""}
Tue Jan 04 16:58:23 CET 2022 FINE: waitstoragecpp {"startExecutable":"waitstorage","restart":false,"outputStreamPort":-1,"stopExecutable":null,"multiple":false,"description":"","directory":null,"stoppingTime":1,"errorExecutable":null,"startArgs":"","stopArgs":"","logDirectory":"logs","startingTime":0,"name":"waitstoragecpp","outputStream":true,"infoArg":true,"errorArgs":""}
Tue Jan 04 16:58:23 CET 2022 FINE: testwaitstoragecpp {"startExecutable":"testwaitstorage","restart":false,"outputStreamPort":-1,"stopExecutable":null,"multiple":false,"description":"","directory":null,"stoppingTime":1,"errorExecutable":null,"startArgs":"","stopArgs":"","logDirectory":"logs","startingTime":0,"name":"testwaitstoragecpp","outputStream":true,"infoArg":true,"errorArgs":""}
Tue Jan 04 16:58:23 CET 2022 FINE: publishercpp {"startExecutable":"publisher","restart":false,"outputStreamPort":-1,"stopExecutable":null,"multiple":false,"description":"","directory":null,"stoppingTime":1,"errorExecutable":null,"startArgs":"","stopArgs":"","logDirectory":"logs","startingTime":0,"name":"publishercpp","outputStream":true,"infoArg":true,"errorArgs":""}
Tue Jan 04 16:58:23 CET 2022 FINE: testpublishercpp {"startExecutable":"testpublisher","restart":false,"outputStreamPort":-1,"stopExecutable":null,"multiple":false,"description":"","directory":null,"stoppingTime":1,"errorExecutable":null,"startArgs":"publishercpp","stopArgs":"","logDirectory":null,"startingTime":0,"name":"testpublishercpp","outputStream":true,"infoArg":true,"errorArgs":""}
Tue Jan 04 16:58:23 CET 2022 FINE: subscribercpp {"startExecutable":"subscriber","restart":false,"outputStreamPort":-1,"stopExecutable":null,"multiple":true,"description":"","directory":null,"stoppingTime":1,"errorExecutable":null,"startArgs":"","stopArgs":"","logDirectory":"logs","startingTime":0,"name":"subscribercpp","outputStream":false,"infoArg":true,"errorArgs":""}
Tue Jan 04 16:58:23 CET 2022 FINE: testsubscribercpp {"startExecutable":"testsubscriber","restart":false,"outputStreamPort":-1,"stopExecutable":null,"multiple":false,"description":"","directory":null,"stoppingTime":1,"errorExecutable":null,"startArgs":"subscribercpp","stopArgs":"","logDirectory":null,"startingTime":0,"name":"testsubscribercpp","outputStream":true,"infoArg":true,"errorArgs":""}
Tue Jan 04 16:58:23 CET 2022 FINE: respondercpp {"startExecutable":"responder","restart":false,"outputStreamPort":-1,"stopExecutable":null,"multiple":false,"description":"","directory":null,"stoppingTime":1,"errorExecutable":null,"startArgs":"","stopArgs":"","logDirectory":"logs","startingTime":0,"name":"respondercpp","outputStream":true,"infoArg":true,"errorArgs":""}
Tue Jan 04 16:58:23 CET 2022 FINE: testrespondercpp {"startExecutable":"testresponder","restart":false,"outputStreamPort":-1,"stopExecutable":null,"multiple":false,"description":"","directory":null,"stoppingTime":1,"errorExecutable":null,"startArgs":"respondercpp","stopArgs":"","logDirectory":null,"startingTime":0,"name":"testrespondercpp","outputStream":true,"infoArg":true,"errorArgs":""}
Tue Jan 04 16:58:23 CET 2022 FINE: requestercpp {"startExecutable":"requester","restart":false,"outputStreamPort":-1,"stopExecutable":null,"multiple":true,"description":"","directory":null,"stoppingTime":1,"errorExecutable":null,"startArgs":"","stopArgs":"","logDirectory":null,"startingTime":0,"name":"requestercpp","outputStream":true,"infoArg":true,"errorArgs":""}
Tue Jan 04 16:58:23 CET 2022 FINE: testrequestercpp {"startExecutable":"testrequester","restart":false,"outputStreamPort":-1,"stopExecutable":null,"multiple":false,"description":"","directory":null,"stoppingTime":1,"errorExecutable":null,"startArgs":"requestercpp","stopArgs":"","logDirectory":null,"startingTime":0,"name":"testrequestercpp","outputStream":true,"infoArg":true,"errorArgs":""}
Tue Jan 04 16:58:23 CET 2022 FINE: publisherloopcpp {"startExecutable":"publisherloop","restart":false,"outputStreamPort":-1,"stopExecutable":null,"multiple":false,"description":"","directory":null,"stoppingTime":1,"errorExecutable":null,"startArgs":"","stopArgs":"","logDirectory":"logs","startingTime":0,"name":"publisherloopcpp","outputStream":true,"infoArg":true,"errorArgs":""}
Tue Jan 04 16:58:23 CET 2022 FINE: testcancelcpp {"startExecutable":"testcancel","restart":false,"outputStreamPort":-1,"stopExecutable":null,"multiple":false,"description":"","directory":null,"stoppingTime":1,"errorExecutable":null,"startArgs":"","stopArgs":"","logDirectory":"logs","startingTime":0,"name":"testcancelcpp","outputStream":true,"infoArg":true,"errorArgs":""}
Tue Jan 04 16:58:23 CET 2022 FINE: comportcpp {"startExecutable":"comport","restart":false,"outputStreamPort":-1,"stopExecutable":null,"multiple":false,"description":"","directory":null,"stoppingTime":1,"errorExecutable":null,"startArgs":"","stopArgs":"","logDirectory":"logs","startingTime":0,"name":"comportcpp","outputStream":true,"infoArg":true,"errorArgs":""}
Tue Jan 04 16:58:23 CET 2022 FINE: testcomportcpp {"startExecutable":"testcomport","restart":false,"outputStreamPort":-1,"stopExecutable":null,"multiple":false,"description":"","directory":null,"stoppingTime":1,"errorExecutable":null,"startArgs":"","stopArgs":"","logDirectory":"logs","startingTime":0,"name":"testcomportcpp","outputStream":true,"infoArg":true,"errorArgs":""}
Tue Jan 04 16:58:23 CET 2022 FINE: streamcpp {"startExecutable":"stream","restart":false,"outputStreamPort":-1,"stopExecutable":null,"multiple":false,"description":"","directory":null,"stoppingTime":1,"errorExecutable":null,"startArgs":"","stopArgs":"","logDirectory":"logs","startingTime":0,"name":"streamcpp","outputStream":true,"infoArg":true,"errorArgs":""}
Tue Jan 04 16:58:23 CET 2022 FINE: teststreamcpp {"startExecutable":"teststream","restart":false,"outputStreamPort":-1,"stopExecutable":null,"multiple":false,"description":"","directory":null,"stoppingTime":1,"errorExecutable":null,"startArgs":"","stopArgs":"","logDirectory":"logs","startingTime":0,"name":"teststreamcpp","outputStream":true,"infoArg":true,"errorArgs":""}
Tue Jan 04 16:58:23 CET 2022 FINE: simplepy {"startExecutable":"python3","restart":false,"outputStreamPort":-1,"stopExecutable":null,"multiple":false,"description":"","directory":null,"stoppingTime":1,"errorExecutable":null,"startArgs":"-u python\/tests\/simple.py","stopArgs":"","logDirectory":"logs","startingTime":0,"name":"simplepy","outputStream":true,"infoArg":true,"errorArgs":""}
Tue Jan 04 16:58:23 CET 2022 FINE: testsimplepy {"startExecutable":"python3","restart":false,"outputStreamPort":-1,"stopExecutable":null,"multiple":false,"description":"","directory":null,"stoppingTime":1,"errorExecutable":null,"startArgs":"-u python\/tests\/testsimple.py","stopArgs":"","logDirectory":"logs","startingTime":0,"name":"testsimplepy","outputStream":true,"infoArg":true,"errorArgs":""}
Tue Jan 04 16:58:23 CET 2022 FINE: veryfastpy {"startExecutable":"python3","restart":false,"outputStreamPort":-1,"stopExecutable":null,"multiple":false,"description":"","directory":null,"stoppingTime":1,"errorExecutable":null,"startArgs":"-u python\/tests\/veryfast.py","stopArgs":"","logDirectory":"logs","startingTime":0,"name":"veryfastpy","outputStream":true,"infoArg":true,"errorArgs":""}
Tue Jan 04 16:58:23 CET 2022 FINE: testveryfastpy {"startExecutable":"python3","restart":false,"outputStreamPort":-1,"stopExecutable":null,"multiple":false,"description":"","directory":null,"stoppingTime":1,"errorExecutable":null,"startArgs":"-u python\/tests\/testveryfast.py","stopArgs":"","logDirectory":"logs","startingTime":0,"name":"testveryfastpy","outputStream":true,"infoArg":true,"errorArgs":""}
Tue Jan 04 16:58:23 CET 2022 FINE: teststoppy {"startExecutable":"python3","restart":false,"outputStreamPort":-1,"stopExecutable":null,"multiple":false,"description":"","directory":null,"stoppingTime":1,"errorExecutable":null,"startArgs":"-u python\/tests\/teststop.py","stopArgs":"","logDirectory":"logs","startingTime":0,"name":"teststoppy","outputStream":true,"infoArg":true,"errorArgs":""}
Tue Jan 04 16:58:23 CET 2022 FINE: resultpy {"startExecutable":"python3","restart":false,"outputStreamPort":-1,"stopExecutable":null,"multiple":false,"description":"","directory":null,"stoppingTime":1,"errorExecutable":null,"startArgs":"-u python\/tests\/result.py","stopArgs":"","logDirectory":"logs","startingTime":0,"name":"resultpy","outputStream":true,"infoArg":true,"errorArgs":""}
Tue Jan 04 16:58:23 CET 2022 FINE: testresultpy {"startExecutable":"python3","restart":false,"outputStreamPort":-1,"stopExecutable":null,"multiple":false,"description":"","directory":null,"stoppingTime":1,"errorExecutable":null,"startArgs":"-u python\/tests\/testresult.py","stopArgs":"","logDirectory":"logs","startingTime":0,"name":"testresultpy","outputStream":true,"infoArg":true,"errorArgs":""}
Tue Jan 04 16:58:23 CET 2022 FINE: errorpy {"startExecutable":"python3","restart":false,"outputStreamPort":-1,"stopExecutable":null,"multiple":false,"description":"","directory":null,"stoppingTime":1,"errorExecutable":null,"startArgs":"-u python\/tests\/error.py","stopArgs":"","logDirectory":"logs","startingTime":0,"name":"errorpy","outputStream":true,"infoArg":true,"errorArgs":""}
Tue Jan 04 16:58:23 CET 2022 FINE: testerrorpy {"startExecutable":"python3","restart":false,"outputStreamPort":-1,"stopExecutable":null,"multiple":false,"description":"","directory":null,"stoppingTime":1,"errorExecutable":null,"startArgs":"-u python\/tests\/testerror.py","stopArgs":"","logDirectory":"logs","startingTime":0,"name":"testerrorpy","outputStream":true,"infoArg":true,"errorArgs":""}
Tue Jan 04 16:58:23 CET 2022 FINE: publisherpy {"startExecutable":"python3","restart":false,"outputStreamPort":-1,"stopExecutable":null,"multiple":false,"description":"","directory":null,"stoppingTime":1,"errorExecutable":null,"startArgs":"-u python\/tests\/publisher.py","stopArgs":"","logDirectory":"logs","startingTime":0,"name":"publisherpy","outputStream":true,"infoArg":true,"errorArgs":""}
Tue Jan 04 16:58:23 CET 2022 FINE: testpublisherpy {"startExecutable":"python3","restart":false,"outputStreamPort":-1,"stopExecutable":null,"multiple":false,"description":"","directory":null,"stoppingTime":1,"errorExecutable":null,"startArgs":"-u python\/tests\/testpublisher.py publisherpy","stopArgs":"","logDirectory":"logs","startingTime":0,"name":"testpublisherpy","outputStream":true,"infoArg":true,"errorArgs":""}
Tue Jan 04 16:58:23 CET 2022 FINE: subscriberpy {"startExecutable":"python3","restart":false,"outputStreamPort":-1,"stopExecutable":null,"multiple":true,"description":"","directory":null,"stoppingTime":1,"errorExecutable":null,"startArgs":"-u python\/tests\/subscriber.py","stopArgs":"","logDirectory":"logs","startingTime":0,"name":"subscriberpy","outputStream":true,"infoArg":true,"errorArgs":""}
Tue Jan 04 16:58:23 CET 2022 FINE: testsubscriberpy {"startExecutable":"python3","restart":false,"outputStreamPort":-1,"stopExecutable":null,"multiple":false,"description":"","directory":null,"stoppingTime":1,"errorExecutable":null,"startArgs":"-u python\/tests\/testsubscriber.py subscriberpy","stopArgs":"","logDirectory":"logs","startingTime":0,"name":"testsubscriberpy","outputStream":true,"infoArg":true,"errorArgs":""}
Tue Jan 04 16:58:23 CET 2022 FINE: responderpy {"startExecutable":"python3","restart":false,"outputStreamPort":-1,"stopExecutable":null,"multiple":true,"description":"","directory":null,"stoppingTime":1,"errorExecutable":null,"startArgs":"-u python\/tests\/responder.py","stopArgs":"","logDirectory":"logs","startingTime":0,"name":"responderpy","outputStream":true,"infoArg":true,"errorArgs":""}
Tue Jan 04 16:58:23 CET 2022 FINE: testresponderpy {"startExecutable":"python3","restart":false,"outputStreamPort":-1,"stopExecutable":null,"multiple":false,"description":"","directory":null,"stoppingTime":1,"errorExecutable":null,"startArgs":"-u python\/tests\/testresponder.py responderpy","stopArgs":"","logDirectory":"logs","startingTime":0,"name":"testresponderpy","outputStream":true,"infoArg":true,"errorArgs":""}
Tue Jan 04 16:58:23 CET 2022 FINE: requesterpy {"startExecutable":"python3","restart":false,"outputStreamPort":-1,"stopExecutable":null,"multiple":true,"description":"","directory":null,"stoppingTime":1,"errorExecutable":null,"startArgs":"-u python\/tests\/requester.py","stopArgs":"","logDirectory":"logs","startingTime":0,"name":"requesterpy","outputStream":true,"infoArg":true,"errorArgs":""}
Tue Jan 04 16:58:23 CET 2022 FINE: testrequesterpy {"startExecutable":"python3","restart":false,"outputStreamPort":-1,"stopExecutable":null,"multiple":false,"description":"","directory":null,"stoppingTime":1,"errorExecutable":null,"startArgs":"-u python\/tests\/testrequester.py requesterpy","stopArgs":"","logDirectory":"logs","startingTime":0,"name":"testrequesterpy","outputStream":true,"infoArg":true,"errorArgs":""}
Tue Jan 04 16:58:23 CET 2022 FINE: publisherlooppy {"startExecutable":"python3","restart":false,"outputStreamPort":-1,"stopExecutable":null,"multiple":false,"description":"","directory":null,"stoppingTime":1,"errorExecutable":null,"startArgs":"-u python\/tests\/publisherloop.py","stopArgs":"","logDirectory":"logs","startingTime":0,"name":"publisherlooppy","outputStream":true,"infoArg":true,"errorArgs":""}
Tue Jan 04 16:58:23 CET 2022 FINE: testcancelpy {"startExecutable":"python3","restart":false,"outputStreamPort":-1,"stopExecutable":null,"multiple":false,"description":"","directory":null,"stoppingTime":1,"errorExecutable":null,"startArgs":"-u python\/tests\/testcancel.py","stopArgs":"","logDirectory":"logs","startingTime":0,"name":"testcancelpy","outputStream":true,"infoArg":true,"errorArgs":""}
Tue Jan 04 16:58:23 CET 2022 FINE: streampy {"startExecutable":"python3","restart":false,"outputStreamPort":-1,"stopExecutable":null,"multiple":false,"description":"","directory":null,"stoppingTime":1,"errorExecutable":null,"startArgs":"-u python\/tests\/stream.py","stopArgs":"","logDirectory":"logs","startingTime":0,"name":"streampy","outputStream":true,"infoArg":true,"errorArgs":""}
Tue Jan 04 16:58:23 CET 2022 FINE: teststreampy {"startExecutable":"python3","restart":false,"outputStreamPort":-1,"stopExecutable":null,"multiple":false,"description":"","directory":null,"stoppingTime":1,"errorExecutable":null,"startArgs":"-u python\/tests\/teststream.py","stopArgs":"","logDirectory":"logs","startingTime":0,"name":"teststreampy","outputStream":true,"infoArg":true,"errorArgs":""}
Tue Jan 04 16:58:23 CET 2022 FINE: Max Id is 65536
Tue Jan 04 16:58:23 CET 2022 FINE: Service is ready at tcp://*:10000
Tue Jan 04 16:58:23 CET 2022 INFO: Status socket on port 10001
Tue Jan 04 16:58:23 CET 2022 INFO: Application simplejava output socket on port 10002
Tue Jan 04 16:58:23 CET 2022 INFO: Application testsimplejava output socket on port 10003
Tue Jan 04 16:58:23 CET 2022 INFO: Application veryfastjava output socket on port 10004
Tue Jan 04 16:58:23 CET 2022 INFO: Application testveryfastjava output socket on port 10005
Tue Jan 04 16:58:23 CET 2022 INFO: Application stopjava output socket on port 10006
Tue Jan 04 16:58:23 CET 2022 INFO: Application teststopjava output socket on port 10007
Tue Jan 04 16:58:23 CET 2022 INFO: Application resultjava output socket on port 10008
Tue Jan 04 16:58:23 CET 2022 INFO: Application testresultjava output socket on port 10009
Tue Jan 04 16:58:23 CET 2022 INFO: Application errorjava output socket on port 10010
Tue Jan 04 16:58:23 CET 2022 INFO: Application testerrorjava output socket on port 10011
Tue Jan 04 16:58:23 CET 2022 INFO: Application teststoragejava output socket on port 10012
Tue Jan 04 16:58:23 CET 2022 INFO: Application waitstoragejava output socket on port 10013
Tue Jan 04 16:58:23 CET 2022 INFO: Application testwaitstoragejava output socket on port 10014
Tue Jan 04 16:58:23 CET 2022 INFO: Application publisherjava output socket on port 10015
Tue Jan 04 16:58:23 CET 2022 INFO: Application testpublisherjava output socket on port 10016
Tue Jan 04 16:58:23 CET 2022 INFO: Application subscriberjava output socket on port 10017
Tue Jan 04 16:58:23 CET 2022 INFO: Application testsubscriberjava output socket on port 10018
Tue Jan 04 16:58:23 CET 2022 INFO: Application responderjava output socket on port 10019
Tue Jan 04 16:58:23 CET 2022 INFO: Application testresponderjava output socket on port 10020
Tue Jan 04 16:58:23 CET 2022 INFO: Application requesterjava output socket on port 10021
Tue Jan 04 16:58:23 CET 2022 INFO: Application testrequesterjava output socket on port 10022
Tue Jan 04 16:58:23 CET 2022 INFO: Application publisherloopjava output socket on port 10023
Tue Jan 04 16:58:23 CET 2022 INFO: Application testcanceljava output socket on port 10024
Tue Jan 04 16:58:23 CET 2022 INFO: Application comportjava output socket on port 10025
Tue Jan 04 16:58:23 CET 2022 INFO: Application testcomportjava output socket on port 10026
Tue Jan 04 16:58:23 CET 2022 INFO: Application streamjava output socket on port 10027
Tue Jan 04 16:58:23 CET 2022 INFO: Application teststreamjava output socket on port 10028
Tue Jan 04 16:58:23 CET 2022 INFO: Application simplecpp output socket on port 10029
Tue Jan 04 16:58:23 CET 2022 INFO: Application testsimplecpp output socket on port 10030
Tue Jan 04 16:58:23 CET 2022 INFO: Application veryfastcpp output socket on port 10031
Tue Jan 04 16:58:23 CET 2022 INFO: Application testveryfastcpp output socket on port 10032
Tue Jan 04 16:58:23 CET 2022 INFO: Application stopcpp output socket on port 10033
Tue Jan 04 16:58:23 CET 2022 INFO: Application teststopcpp output socket on port 10034
Tue Jan 04 16:58:23 CET 2022 INFO: Application resultcpp output socket on port 10035
Tue Jan 04 16:58:23 CET 2022 INFO: Application testresultcpp output socket on port 10036
Tue Jan 04 16:58:23 CET 2022 INFO: Application errorcpp output socket on port 10037
Tue Jan 04 16:58:23 CET 2022 INFO: Application testerrorcpp output socket on port 10038
Tue Jan 04 16:58:23 CET 2022 INFO: Application teststoragecpp output socket on port 10039
Tue Jan 04 16:58:23 CET 2022 INFO: Application waitstoragecpp output socket on port 10040
Tue Jan 04 16:58:23 CET 2022 INFO: Application testwaitstoragecpp output socket on port 10041
Tue Jan 04 16:58:23 CET 2022 INFO: Application publishercpp output socket on port 10042
Tue Jan 04 16:58:23 CET 2022 INFO: Application testpublishercpp output socket on port 10043
Tue Jan 04 16:58:23 CET 2022 INFO: Application testsubscribercpp output socket on port 10044
Tue Jan 04 16:58:23 CET 2022 INFO: Application respondercpp output socket on port 10045
Tue Jan 04 16:58:23 CET 2022 INFO: Application testrespondercpp output socket on port 10046
Tue Jan 04 16:58:23 CET 2022 INFO: Application requestercpp output socket on port 10047
Tue Jan 04 16:58:23 CET 2022 INFO: Application testrequestercpp output socket on port 10048
Tue Jan 04 16:58:23 CET 2022 INFO: Application publisherloopcpp output socket on port 10049
Tue Jan 04 16:58:23 CET 2022 INFO: Application testcancelcpp output socket on port 10050
Tue Jan 04 16:58:23 CET 2022 INFO: Application comportcpp output socket on port 10051
Tue Jan 04 16:58:23 CET 2022 INFO: Application testcomportcpp output socket on port 10052
Tue Jan 04 16:58:23 CET 2022 INFO: Application streamcpp output socket on port 10053
Tue Jan 04 16:58:23 CET 2022 INFO: Application teststreamcpp output socket on port 10054
Tue Jan 04 16:58:23 CET 2022 INFO: Application simplepy output socket on port 10055
Tue Jan 04 16:58:23 CET 2022 INFO: Application testsimplepy output socket on port 10056
Tue Jan 04 16:58:23 CET 2022 INFO: Application veryfastpy output socket on port 10057
Tue Jan 04 16:58:23 CET 2022 INFO: Application testveryfastpy output socket on port 10058
Tue Jan 04 16:58:23 CET 2022 INFO: Application teststoppy output socket on port 10059
Tue Jan 04 16:58:23 CET 2022 INFO: Application resultpy output socket on port 10060
Tue Jan 04 16:58:23 CET 2022 INFO: Application testresultpy output socket on port 10061
Tue Jan 04 16:58:23 CET 2022 INFO: Application errorpy output socket on port 10062
Tue Jan 04 16:58:23 CET 2022 INFO: Application testerrorpy output socket on port 10063
Tue Jan 04 16:58:23 CET 2022 INFO: Application publisherpy output socket on port 10064
Tue Jan 04 16:58:23 CET 2022 INFO: Application testpublisherpy output socket on port 10065
Tue Jan 04 16:58:23 CET 2022 INFO: Application subscriberpy output socket on port 10066
Tue Jan 04 16:58:23 CET 2022 INFO: Application testsubscriberpy output socket on port 10067
Tue Jan 04 16:58:23 CET 2022 INFO: Application responderpy output socket on port 10068
Tue Jan 04 16:58:23 CET 2022 INFO: Application testresponderpy output socket on port 10069
Tue Jan 04 16:58:23 CET 2022 INFO: Application requesterpy output socket on port 10070
Tue Jan 04 16:58:23 CET 2022 INFO: Application testrequesterpy output socket on port 10071
Tue Jan 04 16:58:23 CET 2022 INFO: Application publisherlooppy output socket on port 10072
Tue Jan 04 16:58:23 CET 2022 INFO: Application testcancelpy output socket on port 10073
Tue Jan 04 16:58:23 CET 2022 INFO: Application streampy output socket on port 10074
Tue Jan 04 16:58:23 CET 2022 INFO: Application teststreampy output socket on port 10075
Tue Jan 04 16:58:23 CET 2022 FINE: Received Version request
Tue Jan 04 16:58:23 CET 2022 FINE: Received Status request
Tue Jan 04 16:58:23 CET 2022 FINE: Received Sync message
Tue Jan 04 16:58:23 CET 2022 FINE: Received Sync message
Tue Jan 04 16:58:23 CET 2022 FINE: Received OuputPort request
Tue Jan 04 16:58:23 CET 2022 FINE: Received SyncStream message
Tue Jan 04 16:58:23 CET 2022 FINE: Received Start request
Tue Jan 04 16:58:23 CET 2022 FINE: Trying to start testsimplejava
Tue Jan 04 16:58:23 CET 2022 FINE: Application testsimplejava.1 has stream
Tue Jan 04 16:58:23 CET 2022 FINE: Application testsimplejava.1 has state STARTING
Tue Jan 04 16:58:23 CET 2022 INFO: Application testsimplejava.1 executes $ java "fr.ill.ics.cameo.test.TestSimple" "1" "{"server":"tcp:\/\/gamma36:10000","name":"testsimplejava","id":1}"
Tue Jan 04 16:58:23 CET 2022 INFO: Application testsimplejava.1 has pid 173246
Tue Jan 04 16:58:23 CET 2022 FINE: Application testsimplejava.1 is waiting end of starting time
Tue Jan 04 16:58:23 CET 2022 FINE: Application testsimplejava.1 started listening stream
Tue Jan 04 16:58:23 CET 2022 FINE: Received Version request
Tue Jan 04 16:58:23 CET 2022 FINE: Received Status request
Tue Jan 04 16:58:23 CET 2022 FINE: Received Sync message
Tue Jan 04 16:58:23 CET 2022 FINE: Received Start request
Tue Jan 04 16:58:23 CET 2022 FINE: Trying to start simplejava
Tue Jan 04 16:58:23 CET 2022 FINE: Application simplejava.2 has stream to log file 'logs'
Tue Jan 04 16:58:23 CET 2022 FINE: Application simplejava.2 has state STARTING
Tue Jan 04 16:58:23 CET 2022 INFO: Application simplejava.2 executes $ java "fr.ill.ics.cameo.test.Simple" "{"server":"tcp:\/\/gamma36:10000","starter":{"server":"tcp:\/\/gamma36:10000","name":"testsimplejava","id":1},"name":"simplejava","id":2}"
Tue Jan 04 16:58:23 CET 2022 INFO: Application simplejava.2 has pid 173269
Tue Jan 04 16:58:23 CET 2022 FINE: Application simplejava.2 is waiting end of starting time
Tue Jan 04 16:58:23 CET 2022 FINE: Application simplejava.2 started listening stream
Tue Jan 04 16:58:23 CET 2022 FINE: Application testsimplejava.1 has state RUNNING
Tue Jan 04 16:58:23 CET 2022 FINE: Received Version request
Tue Jan 04 16:58:23 CET 2022 FINE: Received Status request
Tue Jan 04 16:58:23 CET 2022 FINE: Received Sync message
Tue Jan 04 16:58:23 CET 2022 FINE: Received Version request
Tue Jan 04 16:58:23 CET 2022 FINE: Received Status request
Tue Jan 04 16:58:23 CET 2022 FINE: Application simplejava.2 has state RUNNING
Tue Jan 04 16:58:23 CET 2022 FINE: Received Sync message
Tue Jan 04 16:58:23 CET 2022 INFO: Application simplejava.2 has terminated
Tue Jan 04 16:58:23 CET 2022 FINE: Application simplejava.2 has state SUCCESS
Tue Jan 04 16:58:23 CET 2022 FINE: Application simplejava.2 finished listening stream
Tue Jan 04 16:58:23 CET 2022 INFO: Application testsimplejava.1 has terminated
Tue Jan 04 16:58:23 CET 2022 FINE: Application testsimplejava.1 has state SUCCESS
Tue Jan 04 16:58:23 CET 2022 FINE: Application testsimplejava.1 finished listening stream
Tue Jan 04 16:58:23 CET 2022 FINE: Received OuputPort request
Tue Jan 04 16:58:23 CET 2022 FINE: Received SyncStream message
Tue Jan 04 16:58:23 CET 2022 FINE: Received Start request
Tue Jan 04 16:58:23 CET 2022 FINE: Trying to start testveryfastjava
Tue Jan 04 16:58:23 CET 2022 FINE: Application testveryfastjava.3 has stream
Tue Jan 04 16:58:23 CET 2022 FINE: Application testveryfastjava.3 has state STARTING
Tue Jan 04 16:58:23 CET 2022 INFO: Application testveryfastjava.3 executes $ java "fr.ill.ics.cameo.test.TestVeryFast" "1" "{"server":"tcp:\/\/gamma36:10000","name":"testveryfastjava","id":3}"
Tue Jan 04 16:58:23 CET 2022 INFO: Application testveryfastjava.3 has pid 173296
Tue Jan 04 16:58:23 CET 2022 FINE: Application testveryfastjava.3 is waiting end of starting time
Tue Jan 04 16:58:23 CET 2022 FINE: Application testveryfastjava.3 started listening stream
Tue Jan 04 16:58:24 CET 2022 FINE: Application testveryfastjava.3 has state RUNNING
Tue Jan 04 16:58:24 CET 2022 FINE: Received Version request
Tue Jan 04 16:58:24 CET 2022 FINE: Received Status request
Tue Jan 04 16:58:24 CET 2022 FINE: Received Sync message
Tue Jan 04 16:58:24 CET 2022 FINE: Received OuputPort request
Tue Jan 04 16:58:24 CET 2022 FINE: Received SyncStream message
Tue Jan 04 16:58:24 CET 2022 FINE: Received Start request
Tue Jan 04 16:58:24 CET 2022 FINE: Trying to start veryfastjava
Tue Jan 04 16:58:24 CET 2022 FINE: Application veryfastjava.4 has stream
Tue Jan 04 16:58:24 CET 2022 FINE: Application veryfastjava.4 has state STARTING
Tue Jan 04 16:58:24 CET 2022 INFO: Application veryfastjava.4 executes $ java "fr.ill.ics.cameo.test.VeryFast"
Tue Jan 04 16:58:24 CET 2022 INFO: Application veryfastjava.4 has pid 173318
Tue Jan 04 16:58:24 CET 2022 FINE: Application veryfastjava.4 is waiting end of starting time
Tue Jan 04 16:58:24 CET 2022 FINE: Application veryfastjava.4 started listening stream
Tue Jan 04 16:58:24 CET 2022 FINE: Application veryfastjava.4 has state RUNNING
Tue Jan 04 16:58:24 CET 2022 INFO: Application veryfastjava.4 has terminated
Tue Jan 04 16:58:24 CET 2022 FINE: Application veryfastjava.4 has state SUCCESS
Tue Jan 04 16:58:24 CET 2022 FINE: Application veryfastjava.4 finished listening stream
Tue Jan 04 16:58:24 CET 2022 INFO: Application testveryfastjava.3 has terminated
Tue Jan 04 16:58:24 CET 2022 FINE: Application testveryfastjava.3 has state SUCCESS
Tue Jan 04 16:58:24 CET 2022 FINE: Application testveryfastjava.3 finished listening stream
Tue Jan 04 16:58:24 CET 2022 FINE: Received OuputPort request
Tue Jan 04 16:58:24 CET 2022 FINE: Received SyncStream message
Tue Jan 04 16:58:24 CET 2022 FINE: Received Start request
Tue Jan 04 16:58:24 CET 2022 FINE: Trying to start teststopjava
Tue Jan 04 16:58:24 CET 2022 FINE: Application teststopjava.5 has stream
Tue Jan 04 16:58:24 CET 2022 FINE: Application teststopjava.5 has state STARTING
Tue Jan 04 16:58:24 CET 2022 INFO: Application teststopjava.5 executes $ java "fr.ill.ics.cameo.test.TestStop" "1" "{"server":"tcp:\/\/gamma36:10000","name":"teststopjava","id":5}"
Tue Jan 04 16:58:24 CET 2022 INFO: Application teststopjava.5 has pid 173338
Tue Jan 04 16:58:24 CET 2022 FINE: Application teststopjava.5 is waiting end of starting time
Tue Jan 04 16:58:24 CET 2022 FINE: Application teststopjava.5 started listening stream
Tue Jan 04 16:58:24 CET 2022 FINE: Received Version request
Tue Jan 04 16:58:24 CET 2022 FINE: Received Status request
Tue Jan 04 16:58:24 CET 2022 FINE: Received Sync message
Tue Jan 04 16:58:24 CET 2022 FINE: Application teststopjava.5 has state RUNNING
Tue Jan 04 16:58:24 CET 2022 FINE: Received Start request
Tue Jan 04 16:58:24 CET 2022 FINE: Trying to start stopjava
Tue Jan 04 16:58:24 CET 2022 FINE: Application stopjava.6 has stream
Tue Jan 04 16:58:24 CET 2022 FINE: Application stopjava.6 has state STARTING
Tue Jan 04 16:58:24 CET 2022 INFO: Application stopjava.6 executes $ java "fr.ill.ics.cameo.test.Stop" "{"server":"tcp:\/\/gamma36:10000","starter":{"server":"tcp:\/\/gamma36:10000","name":"teststopjava","id":5},"name":"stopjava","id":6}"
Tue Jan 04 16:58:24 CET 2022 INFO: Application stopjava.6 has pid 173360
Tue Jan 04 16:58:24 CET 2022 FINE: Application stopjava.6 is waiting end of starting time
Tue Jan 04 16:58:24 CET 2022 FINE: Application stopjava.6 started listening stream
Tue Jan 04 16:58:24 CET 2022 FINE: Received Version request
Tue Jan 04 16:58:24 CET 2022 FINE: Received Status request
Tue Jan 04 16:58:24 CET 2022 FINE: Received Sync message
Tue Jan 04 16:58:24 CET 2022 FINE: Received Version request
Tue Jan 04 16:58:24 CET 2022 FINE: Received Status request
Tue Jan 04 16:58:24 CET 2022 FINE: Application stopjava.6 has state RUNNING
Tue Jan 04 16:58:24 CET 2022 FINE: Received Sync message
Tue Jan 04 16:58:24 CET 2022 FINE: Received SetStopHandler request
Tue Jan 04 16:58:24 CET 2022 FINE: Application stopjava.6 has a stop handler with stopping time 2s
Tue Jan 04 16:58:24 CET 2022 FINE: Received Stop request
Tue Jan 04 16:58:24 CET 2022 INFO: Application stopjava.6 has to stop
Tue Jan 04 16:58:24 CET 2022 FINE: Application stopjava.6 has state STOPPING
Tue Jan 04 16:58:24 CET 2022 INFO: Application stopjava.6 is waited to stop before 2s
Tue Jan 04 16:58:24 CET 2022 FINE: Received SetResult request
Tue Jan 04 16:58:24 CET 2022 FINE: Application stopjava.6 has state STOPPED
Tue Jan 04 16:58:24 CET 2022 FINE: Application stopjava.6 finished listening stream
Tue Jan 04 16:58:24 CET 2022 INFO: Application teststopjava.5 has terminated
Tue Jan 04 16:58:24 CET 2022 FINE: Application teststopjava.5 has state SUCCESS
Tue Jan 04 16:58:24 CET 2022 FINE: Application teststopjava.5 finished listening stream
Tue Jan 04 16:58:24 CET 2022 FINE: Received OuputPort request
Tue Jan 04 16:58:24 CET 2022 FINE: Received SyncStream message
Tue Jan 04 16:58:24 CET 2022 FINE: Received Start request
Tue Jan 04 16:58:24 CET 2022 FINE: Trying to start testresultjava
Tue Jan 04 16:58:24 CET 2022 FINE: Application testresultjava.7 has stream
Tue Jan 04 16:58:24 CET 2022 FINE: Application testresultjava.7 has state STARTING
Tue Jan 04 16:58:24 CET 2022 INFO: Application testresultjava.7 executes $ java "fr.ill.ics.cameo.test.TestResult" "1" "{"server":"tcp:\/\/gamma36:10000","name":"testresultjava","id":7}"
Tue Jan 04 16:58:24 CET 2022 INFO: Application testresultjava.7 has pid 173387
Tue Jan 04 16:58:24 CET 2022 FINE: Application testresultjava.7 is waiting end of starting time
Tue Jan 04 16:58:24 CET 2022 FINE: Application testresultjava.7 started listening stream
Tue Jan 04 16:58:24 CET 2022 FINE: Application testresultjava.7 has state RUNNING
Tue Jan 04 16:58:24 CET 2022 FINE: Received Version request
Tue Jan 04 16:58:24 CET 2022 FINE: Received Status request
Tue Jan 04 16:58:24 CET 2022 FINE: Received Sync message
Tue Jan 04 16:58:24 CET 2022 FINE: Received Start request
Tue Jan 04 16:58:24 CET 2022 FINE: Trying to start resultjava
Tue Jan 04 16:58:24 CET 2022 FINE: Application resultjava.8 has stream to log file 'logs'
Tue Jan 04 16:58:24 CET 2022 FINE: Application resultjava.8 has state STARTING
Tue Jan 04 16:58:24 CET 2022 INFO: Application resultjava.8 executes $ java "fr.ill.ics.cameo.test.Result" "{"server":"tcp:\/\/gamma36:10000","starter":{"server":"tcp:\/\/gamma36:10000","name":"testresultjava","id":7},"name":"resultjava","id":8}"
Tue Jan 04 16:58:24 CET 2022 INFO: Application resultjava.8 has pid 173409
Tue Jan 04 16:58:24 CET 2022 FINE: Application resultjava.8 is waiting end of starting time
Tue Jan 04 16:58:24 CET 2022 FINE: Application resultjava.8 started listening stream
Tue Jan 04 16:58:25 CET 2022 FINE: Received Version request
Tue Jan 04 16:58:25 CET 2022 FINE: Received Status request
Tue Jan 04 16:58:25 CET 2022 FINE: Received Sync message
Tue Jan 04 16:58:25 CET 2022 FINE: Received Version request
Tue Jan 04 16:58:25 CET 2022 FINE: Received Status request
Tue Jan 04 16:58:25 CET 2022 FINE: Application resultjava.8 has state RUNNING
Tue Jan 04 16:58:25 CET 2022 FINE: Received Sync message
Tue Jan 04 16:58:25 CET 2022 FINE: Received SetResult request
Tue Jan 04 16:58:25 CET 2022 INFO: Application resultjava.8 has terminated
Tue Jan 04 16:58:25 CET 2022 FINE: Application resultjava.8 has state SUCCESS
Tue Jan 04 16:58:25 CET 2022 FINE: Application resultjava.8 finished listening stream
Tue Jan 04 16:58:25 CET 2022 INFO: Application testresultjava.7 has terminated
Tue Jan 04 16:58:25 CET 2022 FINE: Application testresultjava.7 has state SUCCESS
Tue Jan 04 16:58:25 CET 2022 FINE: Application testresultjava.7 finished listening stream
Tue Jan 04 16:58:25 CET 2022 FINE: Received OuputPort request
Tue Jan 04 16:58:25 CET 2022 FINE: Received SyncStream message
Tue Jan 04 16:58:25 CET 2022 FINE: Received Start request
Tue Jan 04 16:58:25 CET 2022 FINE: Trying to start testerrorjava
Tue Jan 04 16:58:25 CET 2022 FINE: Application testerrorjava.9 has stream
Tue Jan 04 16:58:25 CET 2022 FINE: Application testerrorjava.9 has state STARTING
Tue Jan 04 16:58:25 CET 2022 INFO: Application testerrorjava.9 executes $ java "fr.ill.ics.cameo.test.TestError" "1" "{"server":"tcp:\/\/gamma36:10000","name":"testerrorjava","id":9}"
Tue Jan 04 16:58:25 CET 2022 INFO: Application testerrorjava.9 has pid 173435
Tue Jan 04 16:58:25 CET 2022 FINE: Application testerrorjava.9 is waiting end of starting time
Tue Jan 04 16:58:25 CET 2022 FINE: Application testerrorjava.9 started listening stream
Tue Jan 04 16:58:25 CET 2022 FINE: Application testerrorjava.9 has state RUNNING
Tue Jan 04 16:58:25 CET 2022 FINE: Received Version request
Tue Jan 04 16:58:25 CET 2022 FINE: Received Status request
Tue Jan 04 16:58:25 CET 2022 FINE: Received Sync message
Tue Jan 04 16:58:25 CET 2022 FINE: Received Start request
Tue Jan 04 16:58:25 CET 2022 FINE: Trying to start errorjava
Tue Jan 04 16:58:25 CET 2022 FINE: Application errorjava.10 has stream
Tue Jan 04 16:58:25 CET 2022 FINE: Application errorjava.10 has state STARTING
Tue Jan 04 16:58:25 CET 2022 INFO: Application errorjava.10 executes $ java "fr.ill.ics.cameo.test.Error"
Tue Jan 04 16:58:25 CET 2022 INFO: Application errorjava.10 has pid 173458
Tue Jan 04 16:58:25 CET 2022 FINE: Application errorjava.10 is waiting end of starting time
Tue Jan 04 16:58:25 CET 2022 FINE: Application errorjava.10 started listening stream
Tue Jan 04 16:58:25 CET 2022 FINE: Application errorjava.10 has state RUNNING
Tue Jan 04 16:58:25 CET 2022 FINE: Application errorjava.10 finished listening stream
Tue Jan 04 16:58:25 CET 2022 INFO: Application errorjava.10 has terminated
Tue Jan 04 16:58:25 CET 2022 INFO: Application errorjava.10 returned error code 123
Tue Jan 04 16:58:25 CET 2022 FINE: Application errorjava.10 has state ERROR
Tue Jan 04 16:58:25 CET 2022 INFO: Application testerrorjava.9 has terminated
Tue Jan 04 16:58:25 CET 2022 FINE: Application testerrorjava.9 has state SUCCESS
Tue Jan 04 16:58:25 CET 2022 FINE: Application testerrorjava.9 finished listening stream
Tue Jan 04 16:58:25 CET 2022 FINE: Received OuputPort request
Tue Jan 04 16:58:25 CET 2022 FINE: Received SyncStream message
Tue Jan 04 16:58:25 CET 2022 FINE: Received Start request
Tue Jan 04 16:58:25 CET 2022 FINE: Trying to start teststoragejava
Tue Jan 04 16:58:25 CET 2022 FINE: Application teststoragejava.11 has stream to log file 'logs'
Tue Jan 04 16:58:25 CET 2022 FINE: Application teststoragejava.11 has state STARTING
Tue Jan 04 16:58:25 CET 2022 INFO: Application teststoragejava.11 executes $ java "fr.ill.ics.cameo.test.TestStorage" "1" "{"server":"tcp:\/\/gamma36:10000","name":"teststoragejava","id":11}"
Tue Jan 04 16:58:25 CET 2022 INFO: Application teststoragejava.11 has pid 173478
Tue Jan 04 16:58:25 CET 2022 FINE: Application teststoragejava.11 is waiting end of starting time
Tue Jan 04 16:58:25 CET 2022 FINE: Application teststoragejava.11 started listening stream
Tue Jan 04 16:58:25 CET 2022 FINE: Received Version request
Tue Jan 04 16:58:25 CET 2022 FINE: Received Status request
Tue Jan 04 16:58:25 CET 2022 FINE: Received Sync message
Tue Jan 04 16:58:25 CET 2022 FINE: Received StoreKeyValue request
Tue Jan 04 16:58:25 CET 2022 FINE: Received GetKeyValue request
Tue Jan 04 16:58:25 CET 2022 FINE: Application teststoragejava.11 has state RUNNING
Tue Jan 04 16:58:25 CET 2022 FINE: Received RemoveKey request
Tue Jan 04 16:58:25 CET 2022 FINE: Received GetKeyValue request
Tue Jan 04 16:58:25 CET 2022 INFO: Application teststoragejava.11 has terminated
Tue Jan 04 16:58:25 CET 2022 FINE: Application teststoragejava.11 has state SUCCESS
Tue Jan 04 16:58:25 CET 2022 FINE: Application teststoragejava.11 finished listening stream
Tue Jan 04 16:58:25 CET 2022 FINE: Received OuputPort request
Tue Jan 04 16:58:25 CET 2022 FINE: Received SyncStream message
Tue Jan 04 16:58:25 CET 2022 FINE: Received Start request
Tue Jan 04 16:58:25 CET 2022 FINE: Trying to start testwaitstoragejava
Tue Jan 04 16:58:25 CET 2022 FINE: Application testwaitstoragejava.12 has stream to log file 'logs'
Tue Jan 04 16:58:25 CET 2022 FINE: Application testwaitstoragejava.12 has state STARTING
Tue Jan 04 16:58:25 CET 2022 INFO: Application testwaitstoragejava.12 executes $ java "fr.ill.ics.cameo.test.TestWaitStorage" "1" "{"server":"tcp:\/\/gamma36:10000","name":"testwaitstoragejava","id":12}"
Tue Jan 04 16:58:25 CET 2022 INFO: Application testwaitstoragejava.12 has pid 173501
Tue Jan 04 16:58:25 CET 2022 FINE: Application testwaitstoragejava.12 is waiting end of starting time
Tue Jan 04 16:58:25 CET 2022 FINE: Application testwaitstoragejava.12 started listening stream
Tue Jan 04 16:58:25 CET 2022 FINE: Received Version request
Tue Jan 04 16:58:25 CET 2022 FINE: Received Status request
Tue Jan 04 16:58:25 CET 2022 FINE: Received Sync message
Tue Jan 04 16:58:25 CET 2022 FINE: Received Start request
Tue Jan 04 16:58:25 CET 2022 FINE: Trying to start waitstoragejava
Tue Jan 04 16:58:25 CET 2022 FINE: Application waitstoragejava.13 has stream to log file 'logs'
Tue Jan 04 16:58:25 CET 2022 FINE: Application waitstoragejava.13 has state STARTING
Tue Jan 04 16:58:25 CET 2022 INFO: Application waitstoragejava.13 executes $ java "fr.ill.ics.cameo.test.WaitStorage" "{"server":"tcp:\/\/gamma36:10000","starter":{"server":"tcp:\/\/gamma36:10000","name":"testwaitstoragejava","id":12},"name":"waitstoragejava","id":13}"
Tue Jan 04 16:58:25 CET 2022 INFO: Application waitstoragejava.13 has pid 173523
Tue Jan 04 16:58:25 CET 2022 FINE: Application waitstoragejava.13 is waiting end of starting time
Tue Jan 04 16:58:25 CET 2022 FINE: Application waitstoragejava.13 started listening stream
Tue Jan 04 16:58:25 CET 2022 FINE: Application testwaitstoragejava.12 has state RUNNING
Tue Jan 04 16:58:26 CET 2022 FINE: Received Version request
Tue Jan 04 16:58:26 CET 2022 FINE: Received Status request
Tue Jan 04 16:58:26 CET 2022 FINE: Received Sync message
Tue Jan 04 16:58:26 CET 2022 FINE: Received Version request
Tue Jan 04 16:58:26 CET 2022 FINE: Received Status request
Tue Jan 04 16:58:26 CET 2022 FINE: Application waitstoragejava.13 has state RUNNING
Tue Jan 04 16:58:26 CET 2022 FINE: Received Sync message
Tue Jan 04 16:58:26 CET 2022 FINE: Received StoreKeyValue request
Tue Jan 04 16:58:26 CET 2022 FINE: Received GetKeyValue request
Tue Jan 04 16:58:26 CET 2022 FINE: Received RemoveKey request
Tue Jan 04 16:58:26 CET 2022 INFO: Application waitstoragejava.13 has terminated
Tue Jan 04 16:58:26 CET 2022 FINE: Application waitstoragejava.13 has state SUCCESS
Tue Jan 04 16:58:26 CET 2022 FINE: Application waitstoragejava.13 finished listening stream
Tue Jan 04 16:58:26 CET 2022 INFO: Application testwaitstoragejava.12 has terminated
Tue Jan 04 16:58:26 CET 2022 FINE: Application testwaitstoragejava.12 has state SUCCESS
Tue Jan 04 16:58:26 CET 2022 FINE: Application testwaitstoragejava.12 finished listening stream
Tue Jan 04 16:58:26 CET 2022 FINE: Received OuputPort request
Tue Jan 04 16:58:26 CET 2022 FINE: Received SyncStream message
Tue Jan 04 16:58:26 CET 2022 FINE: Received Start request
Tue Jan 04 16:58:26 CET 2022 FINE: Trying to start testpublisherjava
Tue Jan 04 16:58:26 CET 2022 FINE: Application testpublisherjava.14 has stream
Tue Jan 04 16:58:26 CET 2022 FINE: Application testpublisherjava.14 has state STARTING
Tue Jan 04 16:58:26 CET 2022 INFO: Application testpublisherjava.14 executes $ java "fr.ill.ics.cameo.test.TestPublisher" "publisherjava" "1" "{"server":"tcp:\/\/gamma36:10000","name":"testpublisherjava","id":14}"
Tue Jan 04 16:58:26 CET 2022 INFO: Application testpublisherjava.14 has pid 173550
Tue Jan 04 16:58:26 CET 2022 FINE: Application testpublisherjava.14 is waiting end of starting time
Tue Jan 04 16:58:26 CET 2022 FINE: Application testpublisherjava.14 started listening stream
Tue Jan 04 16:58:26 CET 2022 FINE: Received Version request
Tue Jan 04 16:58:26 CET 2022 FINE: Received Status request
Tue Jan 04 16:58:26 CET 2022 FINE: Received Sync message
Tue Jan 04 16:58:26 CET 2022 FINE: Application testpublisherjava.14 has state RUNNING
Tue Jan 04 16:58:26 CET 2022 FINE: Received Start request
Tue Jan 04 16:58:26 CET 2022 FINE: Trying to start publisherjava
Tue Jan 04 16:58:26 CET 2022 FINE: Application publisherjava.15 has stream to log file 'logs'
Tue Jan 04 16:58:26 CET 2022 FINE: Application publisherjava.15 has state STARTING
Tue Jan 04 16:58:26 CET 2022 INFO: Application publisherjava.15 executes $ java "fr.ill.ics.cameo.test.Publisher" "{"server":"tcp:\/\/gamma36:10000","starter":{"server":"tcp:\/\/gamma36:10000","name":"testpublisherjava","id":14},"name":"publisherjava","id":15}"
Tue Jan 04 16:58:26 CET 2022 INFO: Application publisherjava.15 has pid 173572
Tue Jan 04 16:58:26 CET 2022 FINE: Application publisherjava.15 is waiting end of starting time
Tue Jan 04 16:58:26 CET 2022 FINE: Application publisherjava.15 started listening stream
Tue Jan 04 16:58:26 CET 2022 FINE: Received ConnectPublisher request
Tue Jan 04 16:58:26 CET 2022 FINE: Received Version request
Tue Jan 04 16:58:26 CET 2022 FINE: Received Status request
Tue Jan 04 16:58:26 CET 2022 FINE: Received Sync message
Tue Jan 04 16:58:26 CET 2022 FINE: Received Version request
Tue Jan 04 16:58:26 CET 2022 FINE: Received Status request
Tue Jan 04 16:58:26 CET 2022 FINE: Received Sync message
Tue Jan 04 16:58:26 CET 2022 FINE: Received CreatePublisher request
Tue Jan 04 16:58:26 CET 2022 INFO: Application publisherjava.15 has publisher socket on ports 10076 and 10077
Tue Jan 04 16:58:26 CET 2022 FINE: Received ConnectPublisher request
Tue Jan 04 16:58:26 CET 2022 FINE: Received SetStatus request
Tue Jan 04 16:58:26 CET 2022 FINE: Application publisherjava.15 has state RUNNING
Tue Jan 04 16:58:26 CET 2022 FINE: Received TerminatePublisher request
Tue Jan 04 16:58:26 CET 2022 INFO: Application publisherjava.15 closed publisher socket publisher on ports 10076 and 10077
Tue Jan 04 16:58:26 CET 2022 INFO: Application publisherjava.15 has terminated
Tue Jan 04 16:58:26 CET 2022 FINE: Application publisherjava.15 has state SUCCESS
Tue Jan 04 16:58:26 CET 2022 FINE: Application publisherjava.15 finished listening stream
Tue Jan 04 16:58:26 CET 2022 INFO: Application testpublisherjava.14 has terminated
Tue Jan 04 16:58:26 CET 2022 FINE: Application testpublisherjava.14 has state SUCCESS
Tue Jan 04 16:58:26 CET 2022 FINE: Application testpublisherjava.14 finished listening stream
Tue Jan 04 16:58:26 CET 2022 FINE: Received OuputPort request
Tue Jan 04 16:58:26 CET 2022 FINE: Received SyncStream message
Tue Jan 04 16:58:26 CET 2022 FINE: Received Start request
Tue Jan 04 16:58:26 CET 2022 FINE: Trying to start testsubscriberjava
Tue Jan 04 16:58:26 CET 2022 FINE: Application testsubscriberjava.16 has stream
Tue Jan 04 16:58:26 CET 2022 FINE: Application testsubscriberjava.16 has state STARTING
Tue Jan 04 16:58:26 CET 2022 INFO: Application testsubscriberjava.16 executes $ java "fr.ill.ics.cameo.test.TestSubscriber" "subscriberjava" "1" "{"server":"tcp:\/\/gamma36:10000","name":"testsubscriberjava","id":16}"
Tue Jan 04 16:58:26 CET 2022 INFO: Application testsubscriberjava.16 has pid 173598
Tue Jan 04 16:58:26 CET 2022 FINE: Application testsubscriberjava.16 is waiting end of starting time
Tue Jan 04 16:58:26 CET 2022 FINE: Application testsubscriberjava.16 started listening stream
Tue Jan 04 16:58:26 CET 2022 FINE: Application testsubscriberjava.16 has state RUNNING
Tue Jan 04 16:58:26 CET 2022 FINE: Received Version request
Tue Jan 04 16:58:26 CET 2022 FINE: Received Status request
Tue Jan 04 16:58:26 CET 2022 FINE: Received Sync message
Tue Jan 04 16:58:27 CET 2022 FINE: Received Start request
Tue Jan 04 16:58:27 CET 2022 FINE: Trying to start subscriberjava
Tue Jan 04 16:58:27 CET 2022 FINE: Application subscriberjava.17 has stream to log file 'logs'
Tue Jan 04 16:58:27 CET 2022 FINE: Application subscriberjava.17 has state STARTING
Tue Jan 04 16:58:27 CET 2022 INFO: Application subscriberjava.17 executes $ java "fr.ill.ics.cameo.test.Subscriber" "testsubscriberjava" "{"server":"tcp:\/\/gamma36:10000","starter":{"server":"tcp:\/\/gamma36:10000","name":"testsubscriberjava","id":16},"name":"subscriberjava","id":17}"
Tue Jan 04 16:58:27 CET 2022 INFO: Application subscriberjava.17 has pid 173620
Tue Jan 04 16:58:27 CET 2022 FINE: Application subscriberjava.17 is waiting end of starting time
Tue Jan 04 16:58:27 CET 2022 FINE: Application subscriberjava.17 started listening stream
Tue Jan 04 16:58:27 CET 2022 FINE: Received Start request
Tue Jan 04 16:58:27 CET 2022 FINE: Trying to start subscriberjava
Tue Jan 04 16:58:27 CET 2022 FINE: Application subscriberjava.18 has stream to log file 'logs'
Tue Jan 04 16:58:27 CET 2022 FINE: Application subscriberjava.18 has state STARTING
Tue Jan 04 16:58:27 CET 2022 INFO: Application subscriberjava.18 executes $ java "fr.ill.ics.cameo.test.Subscriber" "testsubscriberjava" "{"server":"tcp:\/\/gamma36:10000","starter":{"server":"tcp:\/\/gamma36:10000","name":"testsubscriberjava","id":16},"name":"subscriberjava","id":18}"
Tue Jan 04 16:58:27 CET 2022 INFO: Application subscriberjava.18 has pid 173627
Tue Jan 04 16:58:27 CET 2022 FINE: Application subscriberjava.18 is waiting end of starting time
Tue Jan 04 16:58:27 CET 2022 FINE: Application subscriberjava.18 started listening stream
Tue Jan 04 16:58:27 CET 2022 FINE: Received Start request
Tue Jan 04 16:58:27 CET 2022 FINE: Trying to start subscriberjava
Tue Jan 04 16:58:27 CET 2022 FINE: Application subscriberjava.19 has stream to log file 'logs'
Tue Jan 04 16:58:27 CET 2022 FINE: Application subscriberjava.19 has state STARTING
Tue Jan 04 16:58:27 CET 2022 INFO: Application subscriberjava.19 executes $ java "fr.ill.ics.cameo.test.Subscriber" "testsubscriberjava" "{"server":"tcp:\/\/gamma36:10000","starter":{"server":"tcp:\/\/gamma36:10000","name":"testsubscriberjava","id":16},"name":"subscriberjava","id":19}"
Tue Jan 04 16:58:27 CET 2022 INFO: Application subscriberjava.19 has pid 173637
Tue Jan 04 16:58:27 CET 2022 FINE: Application subscriberjava.19 is waiting end of starting time
Tue Jan 04 16:58:27 CET 2022 FINE: Application subscriberjava.19 started listening stream
Tue Jan 04 16:58:27 CET 2022 FINE: Received Start request
Tue Jan 04 16:58:27 CET 2022 FINE: Trying to start subscriberjava
Tue Jan 04 16:58:27 CET 2022 FINE: Application subscriberjava.20 has stream to log file 'logs'
Tue Jan 04 16:58:27 CET 2022 FINE: Application subscriberjava.20 has state STARTING
Tue Jan 04 16:58:27 CET 2022 INFO: Application subscriberjava.20 executes $ java "fr.ill.ics.cameo.test.Subscriber" "testsubscriberjava" "{"server":"tcp:\/\/gamma36:10000","starter":{"server":"tcp:\/\/gamma36:10000","name":"testsubscriberjava","id":16},"name":"subscriberjava","id":20}"
Tue Jan 04 16:58:27 CET 2022 INFO: Application subscriberjava.20 has pid 173648
Tue Jan 04 16:58:27 CET 2022 FINE: Application subscriberjava.20 is waiting end of starting time
Tue Jan 04 16:58:27 CET 2022 FINE: Application subscriberjava.20 started listening stream
Tue Jan 04 16:58:27 CET 2022 FINE: Received Start request
Tue Jan 04 16:58:27 CET 2022 FINE: Trying to start subscriberjava
Tue Jan 04 16:58:27 CET 2022 FINE: Application subscriberjava.21 has stream to log file 'logs'
Tue Jan 04 16:58:27 CET 2022 FINE: Application subscriberjava.21 has state STARTING
Tue Jan 04 16:58:27 CET 2022 INFO: Application subscriberjava.21 executes $ java "fr.ill.ics.cameo.test.Subscriber" "testsubscriberjava" "{"server":"tcp:\/\/gamma36:10000","starter":{"server":"tcp:\/\/gamma36:10000","name":"testsubscriberjava","id":16},"name":"subscriberjava","id":21}"
Tue Jan 04 16:58:27 CET 2022 INFO: Application subscriberjava.21 has pid 173660
Tue Jan 04 16:58:27 CET 2022 FINE: Application subscriberjava.21 is waiting end of starting time
Tue Jan 04 16:58:27 CET 2022 FINE: Application subscriberjava.21 started listening stream
Tue Jan 04 16:58:27 CET 2022 FINE: Received CreatePublisher request
Tue Jan 04 16:58:27 CET 2022 INFO: Application testsubscriberjava.16 has publisher socket on ports 10076 and 10077
Tue Jan 04 16:58:27 CET 2022 FINE: Application subscriberjava.17 has state RUNNING
Tue Jan 04 16:58:27 CET 2022 FINE: Application subscriberjava.18 has state RUNNING
Tue Jan 04 16:58:27 CET 2022 FINE: Application subscriberjava.19 has state RUNNING
Tue Jan 04 16:58:27 CET 2022 FINE: Application subscriberjava.20 has state RUNNING
Tue Jan 04 16:58:27 CET 2022 FINE: Application subscriberjava.21 has state RUNNING
Tue Jan 04 16:58:27 CET 2022 FINE: Received Version request
Tue Jan 04 16:58:27 CET 2022 FINE: Received Status request
Tue Jan 04 16:58:27 CET 2022 FINE: Received Version request
Tue Jan 04 16:58:27 CET 2022 FINE: Received Status request
Tue Jan 04 16:58:27 CET 2022 FINE: Received Version request
Tue Jan 04 16:58:27 CET 2022 FINE: Received Version request
Tue Jan 04 16:58:27 CET 2022 FINE: Received Sync message
Tue Jan 04 16:58:27 CET 2022 FINE: Received Version request
Tue Jan 04 16:58:27 CET 2022 FINE: Received Sync message
Tue Jan 04 16:58:27 CET 2022 FINE: Received Status request
Tue Jan 04 16:58:27 CET 2022 FINE: Received Status request
Tue Jan 04 16:58:27 CET 2022 FINE: Received Version request
Tue Jan 04 16:58:27 CET 2022 FINE: Received Status request
Tue Jan 04 16:58:27 CET 2022 FINE: Received Version request
Tue Jan 04 16:58:27 CET 2022 FINE: Received Status request
Tue Jan 04 16:58:27 CET 2022 FINE: Received Sync message
Tue Jan 04 16:58:27 CET 2022 FINE: Received Sync message
Tue Jan 04 16:58:27 CET 2022 FINE: Received Status request
Tue Jan 04 16:58:27 CET 2022 FINE: Received Sync message
Tue Jan 04 16:58:27 CET 2022 FINE: Received Version request
Tue Jan 04 16:58:27 CET 2022 FINE: Received Version request
Tue Jan 04 16:58:27 CET 2022 FINE: Received Version request
Tue Jan 04 16:58:27 CET 2022 FINE: Received Sync message
Tue Jan 04 16:58:27 CET 2022 FINE: Received Status request
Tue Jan 04 16:58:27 CET 2022 FINE: Received Status request
Tue Jan 04 16:58:27 CET 2022 FINE: Received Sync message
Tue Jan 04 16:58:27 CET 2022 FINE: Received Status request
Tue Jan 04 16:58:27 CET 2022 FINE: Received Connect request
Tue Jan 04 16:58:27 CET 2022 FINE: Received Sync message
Tue Jan 04 16:58:27 CET 2022 FINE: Received Sync message
Tue Jan 04 16:58:27 CET 2022 FINE: Received Connect request
Tue Jan 04 16:58:27 CET 2022 FINE: Received Sync message
Tue Jan 04 16:58:27 CET 2022 FINE: Received IsAlive request
Tue Jan 04 16:58:27 CET 2022 FINE: Received IsAlive request
Tue Jan 04 16:58:27 CET 2022 FINE: Received Connect request
Tue Jan 04 16:58:27 CET 2022 FINE: Received Connect request
Tue Jan 04 16:58:27 CET 2022 FINE: Received ConnectPublisher request
Tue Jan 04 16:58:27 CET 2022 FINE: Received ConnectPublisher request
Tue Jan 04 16:58:27 CET 2022 FINE: Received IsAlive request
Tue Jan 04 16:58:27 CET 2022 FINE: Received IsAlive request
Tue Jan 04 16:58:27 CET 2022 FINE: Received Connect request
Tue Jan 04 16:58:27 CET 2022 FINE: Received IsAlive request
Tue Jan 04 16:58:27 CET 2022 FINE: Received ConnectPublisher request
Tue Jan 04 16:58:27 CET 2022 FINE: Received ConnectPublisher request
Tue Jan 04 16:58:27 CET 2022 FINE: Received ConnectPublisher request
Tue Jan 04 16:58:29 CET 2022 FINE: Received TerminatePublisher request
Tue Jan 04 16:58:29 CET 2022 INFO: Application testsubscriberjava.16 closed publisher socket publisher on ports 10076 and 10077
Tue Jan 04 16:58:29 CET 2022 FINE: Received Connect request
Tue Jan 04 16:58:29 CET 2022 FINE: Received IsAlive request
Tue Jan 04 16:58:29 CET 2022 FINE: Received IsAlive request
Tue Jan 04 16:58:29 CET 2022 FINE: Received IsAlive request
Tue Jan 04 16:58:29 CET 2022 FINE: Received IsAlive request
Tue Jan 04 16:58:29 CET 2022 FINE: Received IsAlive request
Tue Jan 04 16:58:29 CET 2022 FINE: Received Kill request
Tue Jan 04 16:58:29 CET 2022 INFO: Application subscriberjava.17 has to stop
Tue Jan 04 16:58:29 CET 2022 FINE: Application subscriberjava.17 has state KILLING
Tue Jan 04 16:58:29 CET 2022 FINE: Application subscriberjava.17 has state STOPPED
Tue Jan 04 16:58:29 CET 2022 FINE: Received Kill request
Tue Jan 04 16:58:29 CET 2022 FINE: Application subscriberjava.17 finished listening stream
Tue Jan 04 16:58:29 CET 2022 INFO: Application subscriberjava.18 has to stop
Tue Jan 04 16:58:29 CET 2022 FINE: Application subscriberjava.18 has state KILLING
Tue Jan 04 16:58:29 CET 2022 FINE: Application subscriberjava.18 has state STOPPED
Tue Jan 04 16:58:29 CET 2022 FINE: Received Kill request
Tue Jan 04 16:58:29 CET 2022 FINE: Application subscriberjava.18 finished listening stream
Tue Jan 04 16:58:29 CET 2022 INFO: Application subscriberjava.19 has to stop
Tue Jan 04 16:58:29 CET 2022 FINE: Application subscriberjava.19 has state KILLING
Tue Jan 04 16:58:29 CET 2022 FINE: Application subscriberjava.19 has state STOPPED
Tue Jan 04 16:58:29 CET 2022 FINE: Received Kill request
Tue Jan 04 16:58:29 CET 2022 FINE: Application subscriberjava.19 finished listening stream
Tue Jan 04 16:58:29 CET 2022 INFO: Application subscriberjava.20 has to stop
Tue Jan 04 16:58:29 CET 2022 FINE: Application subscriberjava.20 has state KILLING
Tue Jan 04 16:58:29 CET 2022 FINE: Application subscriberjava.20 has state STOPPED
Tue Jan 04 16:58:29 CET 2022 FINE: Received Kill request
Tue Jan 04 16:58:29 CET 2022 FINE: Application subscriberjava.20 finished listening stream
Tue Jan 04 16:58:29 CET 2022 INFO: Application subscriberjava.21 has to stop
Tue Jan 04 16:58:29 CET 2022 FINE: Application subscriberjava.21 has state KILLING
Tue Jan 04 16:58:29 CET 2022 FINE: Application subscriberjava.21 has state STOPPED
Tue Jan 04 16:58:29 CET 2022 FINE: Application subscriberjava.21 finished listening stream
Tue Jan 04 16:58:29 CET 2022 INFO: Application testsubscriberjava.16 has terminated
Tue Jan 04 16:58:29 CET 2022 FINE: Application testsubscriberjava.16 has state SUCCESS
Tue Jan 04 16:58:29 CET 2022 FINE: Application testsubscriberjava.16 finished listening stream
Tue Jan 04 16:58:29 CET 2022 FINE: Received OuputPort request
Tue Jan 04 16:58:29 CET 2022 FINE: Received SyncStream message
Tue Jan 04 16:58:29 CET 2022 FINE: Received Start request
Tue Jan 04 16:58:29 CET 2022 FINE: Trying to start testresponderjava
Tue Jan 04 16:58:29 CET 2022 FINE: Application testresponderjava.22 has stream to log file 'logs'
Tue Jan 04 16:58:29 CET 2022 FINE: Application testresponderjava.22 has state STARTING
Tue Jan 04 16:58:29 CET 2022 INFO: Application testresponderjava.22 executes $ java "fr.ill.ics.cameo.test.TestResponder" "responderjava" "1" "{"server":"tcp:\/\/gamma36:10000","name":"testresponderjava","id":22}"
Tue Jan 04 16:58:29 CET 2022 INFO: Application testresponderjava.22 has pid 173761
Tue Jan 04 16:58:29 CET 2022 FINE: Application testresponderjava.22 is waiting end of starting time
Tue Jan 04 16:58:29 CET 2022 FINE: Application testresponderjava.22 started listening stream
Tue Jan 04 16:58:29 CET 2022 FINE: Received Version request
Tue Jan 04 16:58:29 CET 2022 FINE: Received Status request
Tue Jan 04 16:58:29 CET 2022 FINE: Received Sync message
Tue Jan 04 16:58:29 CET 2022 FINE: Received Start request
Tue Jan 04 16:58:29 CET 2022 FINE: Trying to start responderjava
Tue Jan 04 16:58:29 CET 2022 FINE: Application responderjava.23 has stream to log file 'logs'
Tue Jan 04 16:58:29 CET 2022 FINE: Application responderjava.23 has state STARTING
Tue Jan 04 16:58:29 CET 2022 INFO: Application responderjava.23 executes $ java "fr.ill.ics.cameo.test.Responder" "{"server":"tcp:\/\/gamma36:10000","starter":{"server":"tcp:\/\/gamma36:10000","name":"testresponderjava","id":22},"name":"responderjava","id":23}"
Tue Jan 04 16:58:29 CET 2022 INFO: Application responderjava.23 has pid 173783
Tue Jan 04 16:58:29 CET 2022 FINE: Application responderjava.23 is waiting end of starting time
Tue Jan 04 16:58:29 CET 2022 FINE: Application responderjava.23 started listening stream
Tue Jan 04 16:58:29 CET 2022 FINE: Received GetStatus request
Tue Jan 04 16:58:29 CET 2022 FINE: Received ConnectPortV0 request
Tue Jan 04 16:58:29 CET 2022 FINE: Received Version request
Tue Jan 04 16:58:29 CET 2022 FINE: Received Status request
Tue Jan 04 16:58:29 CET 2022 FINE: Received Sync message
Tue Jan 04 16:58:29 CET 2022 FINE: Received Version request
Tue Jan 04 16:58:29 CET 2022 FINE: Received Status request
Tue Jan 04 16:58:29 CET 2022 FINE: Received Sync message
Tue Jan 04 16:58:29 CET 2022 FINE: Received RequestPortV0 request
Tue Jan 04 16:58:29 CET 2022 INFO: Application responderjava.23 has socket rep.responder on port 10076
Tue Jan 04 16:58:29 CET 2022 FINE: Received SetStatus request
Tue Jan 04 16:58:29 CET 2022 FINE: Application responderjava.23 has state RUNNING
Tue Jan 04 16:58:29 CET 2022 FINE: Received ConnectPortV0 request
Tue Jan 04 16:58:29 CET 2022 FINE: Received RequestPortV0 request
Tue Jan 04 16:58:29 CET 2022 INFO: Application testresponderjava.22 has socket req.responder.23.1 on port 10077
Tue Jan 04 16:58:29 CET 2022 FINE: Received GetStatus request
Tue Jan 04 16:58:30 CET 2022 FINE: Received Version request
Tue Jan 04 16:58:30 CET 2022 FINE: Received Status request
Tue Jan 04 16:58:30 CET 2022 FINE: Received Sync message
Tue Jan 04 16:58:30 CET 2022 FINE: Received Connect request
Tue Jan 04 16:58:30 CET 2022 FINE: Received IsAlive request
Tue Jan 04 16:58:30 CET 2022 FINE: Received RemovePortV0 request
Tue Jan 04 16:58:30 CET 2022 INFO: Application responderjava.23 removed socket rep.responder
Tue Jan 04 16:58:30 CET 2022 INFO: Application responderjava.23 has terminated
Tue Jan 04 16:58:30 CET 2022 FINE: Application responderjava.23 has state SUCCESS
Tue Jan 04 16:58:30 CET 2022 FINE: Application responderjava.23 finished listening stream
Tue Jan 04 16:58:30 CET 2022 FINE: Received RemovePortV0 request
Tue Jan 04 16:58:30 CET 2022 INFO: Application testresponderjava.22 removed socket req.responder.23.1
Tue Jan 04 16:58:30 CET 2022 INFO: Application testresponderjava.22 has terminated
Tue Jan 04 16:58:30 CET 2022 FINE: Application testresponderjava.22 has state SUCCESS
Tue Jan 04 16:58:30 CET 2022 FINE: Application testresponderjava.22 finished listening stream
Tue Jan 04 16:58:30 CET 2022 FINE: Received OuputPort request
Tue Jan 04 16:58:30 CET 2022 FINE: Received SyncStream message
Tue Jan 04 16:58:30 CET 2022 FINE: Received Start request
Tue Jan 04 16:58:30 CET 2022 FINE: Trying to start testrequesterjava
Tue Jan 04 16:58:30 CET 2022 FINE: Application testrequesterjava.24 has stream to log file 'logs'
Tue Jan 04 16:58:30 CET 2022 FINE: Application testrequesterjava.24 has state STARTING
Tue Jan 04 16:58:30 CET 2022 INFO: Application testrequesterjava.24 executes $ java "fr.ill.ics.cameo.test.TestRequester" "requesterjava" "1" "{"server":"tcp:\/\/gamma36:10000","name":"testrequesterjava","id":24}"
Tue Jan 04 16:58:30 CET 2022 INFO: Application testrequesterjava.24 has pid 173812
Tue Jan 04 16:58:30 CET 2022 FINE: Application testrequesterjava.24 is waiting end of starting time
Tue Jan 04 16:58:30 CET 2022 FINE: Application testrequesterjava.24 started listening stream
Tue Jan 04 16:58:30 CET 2022 FINE: Received Version request
Tue Jan 04 16:58:30 CET 2022 FINE: Received Status request
Tue Jan 04 16:58:30 CET 2022 FINE: Received Sync message
Tue Jan 04 16:58:30 CET 2022 FINE: Received RequestPortV0 request
Tue Jan 04 16:58:30 CET 2022 INFO: Application testrequesterjava.24 has socket rep.responder on port 10076
Tue Jan 04 16:58:30 CET 2022 FINE: Received SetStatus request
Tue Jan 04 16:58:30 CET 2022 FINE: Application testrequesterjava.24 has state RUNNING
Tue Jan 04 16:58:30 CET 2022 FINE: Received Start request
Tue Jan 04 16:58:30 CET 2022 FINE: Trying to start requesterjava
Tue Jan 04 16:58:30 CET 2022 FINE: Application requesterjava.25 has stream to log file 'logs'
Tue Jan 04 16:58:30 CET 2022 FINE: Application requesterjava.25 has state STARTING
Tue Jan 04 16:58:30 CET 2022 INFO: Application requesterjava.25 executes $ java "fr.ill.ics.cameo.test.Requester" "{"server":"tcp:\/\/gamma36:10000","starter":{"server":"tcp:\/\/gamma36:10000","name":"testrequesterjava","id":24},"name":"requesterjava","id":25}"
Tue Jan 04 16:58:30 CET 2022 INFO: Application requesterjava.25 has pid 173834
Tue Jan 04 16:58:30 CET 2022 FINE: Application requesterjava.25 is waiting end of starting time
Tue Jan 04 16:58:30 CET 2022 FINE: Application requesterjava.25 started listening stream
Tue Jan 04 16:58:30 CET 2022 FINE: Received Start request
Tue Jan 04 16:58:30 CET 2022 FINE: Trying to start requesterjava
Tue Jan 04 16:58:30 CET 2022 FINE: Application requesterjava.26 has stream to log file 'logs'
Tue Jan 04 16:58:30 CET 2022 FINE: Application requesterjava.26 has state STARTING
Tue Jan 04 16:58:30 CET 2022 INFO: Application requesterjava.26 executes $ java "fr.ill.ics.cameo.test.Requester" "{"server":"tcp:\/\/gamma36:10000","starter":{"server":"tcp:\/\/gamma36:10000","name":"testrequesterjava","id":24},"name":"requesterjava","id":26}"
Tue Jan 04 16:58:30 CET 2022 INFO: Application requesterjava.26 has pid 173841
Tue Jan 04 16:58:30 CET 2022 FINE: Application requesterjava.26 is waiting end of starting time
Tue Jan 04 16:58:30 CET 2022 FINE: Application requesterjava.26 started listening stream
Tue Jan 04 16:58:30 CET 2022 FINE: Received Start request
Tue Jan 04 16:58:30 CET 2022 FINE: Trying to start requesterjava
Tue Jan 04 16:58:30 CET 2022 FINE: Application requesterjava.27 has stream to log file 'logs'
Tue Jan 04 16:58:30 CET 2022 FINE: Application requesterjava.27 has state STARTING
Tue Jan 04 16:58:30 CET 2022 INFO: Application requesterjava.27 executes $ java "fr.ill.ics.cameo.test.Requester" "{"server":"tcp:\/\/gamma36:10000","starter":{"server":"tcp:\/\/gamma36:10000","name":"testrequesterjava","id":24},"name":"requesterjava","id":27}"
Tue Jan 04 16:58:30 CET 2022 INFO: Application requesterjava.27 has pid 173850
Tue Jan 04 16:58:30 CET 2022 FINE: Application requesterjava.27 is waiting end of starting time
Tue Jan 04 16:58:30 CET 2022 FINE: Application requesterjava.27 started listening stream
Tue Jan 04 16:58:30 CET 2022 FINE: Received Start request
Tue Jan 04 16:58:30 CET 2022 FINE: Trying to start requesterjava
Tue Jan 04 16:58:30 CET 2022 FINE: Application requesterjava.28 has stream to log file 'logs'
Tue Jan 04 16:58:30 CET 2022 FINE: Application requesterjava.28 has state STARTING
Tue Jan 04 16:58:30 CET 2022 INFO: Application requesterjava.28 executes $ java "fr.ill.ics.cameo.test.Requester" "{"server":"tcp:\/\/gamma36:10000","starter":{"server":"tcp:\/\/gamma36:10000","name":"testrequesterjava","id":24},"name":"requesterjava","id":28}"
Tue Jan 04 16:58:30 CET 2022 INFO: Application requesterjava.28 has pid 173860
Tue Jan 04 16:58:30 CET 2022 FINE: Application requesterjava.28 is waiting end of starting time
Tue Jan 04 16:58:30 CET 2022 FINE: Application requesterjava.28 started listening stream
Tue Jan 04 16:58:30 CET 2022 FINE: Received Start request
Tue Jan 04 16:58:30 CET 2022 FINE: Trying to start requesterjava
Tue Jan 04 16:58:30 CET 2022 FINE: Application requesterjava.29 has stream to log file 'logs'
Tue Jan 04 16:58:30 CET 2022 FINE: Application requesterjava.29 has state STARTING
Tue Jan 04 16:58:30 CET 2022 INFO: Application requesterjava.29 executes $ java "fr.ill.ics.cameo.test.Requester" "{"server":"tcp:\/\/gamma36:10000","starter":{"server":"tcp:\/\/gamma36:10000","name":"testrequesterjava","id":24},"name":"requesterjava","id":29}"
Tue Jan 04 16:58:30 CET 2022 INFO: Application requesterjava.29 has pid 173882
Tue Jan 04 16:58:30 CET 2022 FINE: Application requesterjava.29 started listening stream
Tue Jan 04 16:58:30 CET 2022 FINE: Application requesterjava.29 is waiting end of starting time
Tue Jan 04 16:58:30 CET 2022 FINE: Received Version request
Tue Jan 04 16:58:30 CET 2022 FINE: Received Status request
Tue Jan 04 16:58:30 CET 2022 FINE: Received Sync message
Tue Jan 04 16:58:30 CET 2022 FINE: Received Version request
Tue Jan 04 16:58:30 CET 2022 FINE: Received Status request
Tue Jan 04 16:58:30 CET 2022 FINE: Received Sync message
Tue Jan 04 16:58:30 CET 2022 FINE: Received Version request
Tue Jan 04 16:58:30 CET 2022 FINE: Received Connect request
Tue Jan 04 16:58:30 CET 2022 FINE: Received Status request
Tue Jan 04 16:58:30 CET 2022 FINE: Received IsAlive request
Tue Jan 04 16:58:30 CET 2022 FINE: Received Sync message
Tue Jan 04 16:58:30 CET 2022 FINE: Received Version request
Tue Jan 04 16:58:30 CET 2022 FINE: Received Version request
Tue Jan 04 16:58:30 CET 2022 FINE: Received Version request
Tue Jan 04 16:58:30 CET 2022 FINE: Received Version request
Tue Jan 04 16:58:30 CET 2022 FINE: Received ConnectPortV0 request
Tue Jan 04 16:58:30 CET 2022 FINE: Received Status request
Tue Jan 04 16:58:30 CET 2022 FINE: Received Status request
Tue Jan 04 16:58:30 CET 2022 FINE: Received Status request
Tue Jan 04 16:58:30 CET 2022 FINE: Received Status request
Tue Jan 04 16:58:30 CET 2022 FINE: Received RequestPortV0 request
Tue Jan 04 16:58:30 CET 2022 INFO: Application requesterjava.25 has socket req.responder.24.1 on port 10077
Tue Jan 04 16:58:30 CET 2022 FINE: Received SetStatus request
Tue Jan 04 16:58:30 CET 2022 FINE: Application requesterjava.25 has state RUNNING
Tue Jan 04 16:58:30 CET 2022 FINE: Received Sync message
Tue Jan 04 16:58:30 CET 2022 FINE: Received Sync message
Tue Jan 04 16:58:31 CET 2022 FINE: Received Sync message
Tue Jan 04 16:58:31 CET 2022 FINE: Received Sync message
Tue Jan 04 16:58:31 CET 2022 FINE: Received Version request
Tue Jan 04 16:58:31 CET 2022 FINE: Received Version request
Tue Jan 04 16:58:31 CET 2022 FINE: Received Version request
Tue Jan 04 16:58:31 CET 2022 FINE: Received Status request
Tue Jan 04 16:58:31 CET 2022 FINE: Received Status request
Tue Jan 04 16:58:31 CET 2022 FINE: Received Status request
Tue Jan 04 16:58:31 CET 2022 FINE: Received Connect request
Tue Jan 04 16:58:31 CET 2022 FINE: Received Sync message
Tue Jan 04 16:58:31 CET 2022 FINE: Received Sync message
Tue Jan 04 16:58:31 CET 2022 FINE: Received Sync message
Tue Jan 04 16:58:31 CET 2022 FINE: Received IsAlive request
Tue Jan 04 16:58:31 CET 2022 FINE: Received Connect request
Tue Jan 04 16:58:31 CET 2022 FINE: Received Connect request
Tue Jan 04 16:58:31 CET 2022 FINE: Received Connect request
Tue Jan 04 16:58:31 CET 2022 FINE: Received ConnectPortV0 request
Tue Jan 04 16:58:31 CET 2022 FINE: Received IsAlive request
Tue Jan 04 16:58:31 CET 2022 FINE: Received IsAlive request
Tue Jan 04 16:58:31 CET 2022 FINE: Received IsAlive request
Tue Jan 04 16:58:31 CET 2022 FINE: Received RequestPortV0 request
Tue Jan 04 16:58:31 CET 2022 INFO: Application requesterjava.26 has socket req.responder.24.1 on port 10078
Tue Jan 04 16:58:31 CET 2022 FINE: Received ConnectPortV0 request
Tue Jan 04 16:58:31 CET 2022 FINE: Received ConnectPortV0 request
Tue Jan 04 16:58:31 CET 2022 FINE: Received ConnectPortV0 request
Tue Jan 04 16:58:31 CET 2022 FINE: Received SetStatus request
Tue Jan 04 16:58:31 CET 2022 FINE: Application requesterjava.26 has state RUNNING
Tue Jan 04 16:58:31 CET 2022 FINE: Received RequestPortV0 request
Tue Jan 04 16:58:31 CET 2022 INFO: Application requesterjava.28 has socket req.responder.24.1 on port 10079
Tue Jan 04 16:58:31 CET 2022 FINE: Received RequestPortV0 request
Tue Jan 04 16:58:31 CET 2022 INFO: Application requesterjava.27 has socket req.responder.24.1 on port 10080
Tue Jan 04 16:58:31 CET 2022 FINE: Received RequestPortV0 request
Tue Jan 04 16:58:31 CET 2022 INFO: Application requesterjava.29 has socket req.responder.24.1 on port 10081
Tue Jan 04 16:58:31 CET 2022 FINE: Received SetStatus request
Tue Jan 04 16:58:31 CET 2022 FINE: Application requesterjava.29 has state RUNNING
Tue Jan 04 16:58:31 CET 2022 FINE: Received SetStatus request
Tue Jan 04 16:58:31 CET 2022 FINE: Application requesterjava.27 has state RUNNING
Tue Jan 04 16:58:31 CET 2022 FINE: Received SetStatus request
Tue Jan 04 16:58:31 CET 2022 FINE: Application requesterjava.28 has state RUNNING
Tue Jan 04 16:58:32 CET 2022 FINE: Received RemovePortV0 request
Tue Jan 04 16:58:32 CET 2022 INFO: Application requesterjava.25 removed socket req.responder.24.1
Tue Jan 04 16:58:32 CET 2022 INFO: Application requesterjava.25 has terminated
Tue Jan 04 16:58:32 CET 2022 FINE: Application requesterjava.25 has state SUCCESS
Tue Jan 04 16:58:32 CET 2022 FINE: Application requesterjava.25 finished listening stream
Tue Jan 04 16:58:32 CET 2022 FINE: Received RemovePortV0 request
Tue Jan 04 16:58:32 CET 2022 INFO: Application requesterjava.26 removed socket req.responder.24.1
Tue Jan 04 16:58:32 CET 2022 FINE: Received RemovePortV0 request
Tue Jan 04 16:58:32 CET 2022 INFO: Application requesterjava.29 removed socket req.responder.24.1
Tue Jan 04 16:58:32 CET 2022 FINE: Received RemovePortV0 request
Tue Jan 04 16:58:32 CET 2022 INFO: Application requesterjava.27 removed socket req.responder.24.1
Tue Jan 04 16:58:32 CET 2022 FINE: Received RemovePortV0 request
Tue Jan 04 16:58:32 CET 2022 INFO: Application requesterjava.28 removed socket req.responder.24.1
Tue Jan 04 16:58:32 CET 2022 INFO: Application requesterjava.29 has terminated
Tue Jan 04 16:58:32 CET 2022 FINE: Application requesterjava.29 has state SUCCESS
Tue Jan 04 16:58:32 CET 2022 FINE: Application requesterjava.29 finished listening stream
Tue Jan 04 16:58:32 CET 2022 INFO: Application requesterjava.26 has terminated
Tue Jan 04 16:58:32 CET 2022 FINE: Application requesterjava.26 has state SUCCESS
Tue Jan 04 16:58:32 CET 2022 FINE: Application requesterjava.26 finished listening stream
Tue Jan 04 16:58:32 CET 2022 INFO: Application requesterjava.27 has terminated
Tue Jan 04 16:58:32 CET 2022 FINE: Application requesterjava.27 has state SUCCESS
Tue Jan 04 16:58:32 CET 2022 FINE: Application requesterjava.27 finished listening stream
Tue Jan 04 16:58:32 CET 2022 INFO: Application requesterjava.28 has terminated
Tue Jan 04 16:58:32 CET 2022 FINE: Application requesterjava.28 has state SUCCESS
Tue Jan 04 16:58:32 CET 2022 FINE: Received RemovePortV0 request
Tue Jan 04 16:58:32 CET 2022 INFO: Application testrequesterjava.24 removed socket rep.responder
Tue Jan 04 16:58:32 CET 2022 FINE: Application requesterjava.28 finished listening stream
Tue Jan 04 16:58:32 CET 2022 INFO: Application testrequesterjava.24 has terminated
Tue Jan 04 16:58:32 CET 2022 FINE: Application testrequesterjava.24 has state SUCCESS
Tue Jan 04 16:58:32 CET 2022 FINE: Application testrequesterjava.24 finished listening stream
Tue Jan 04 16:58:32 CET 2022 FINE: Received OuputPort request
Tue Jan 04 16:58:32 CET 2022 FINE: Received SyncStream message
Tue Jan 04 16:58:32 CET 2022 FINE: Received Start request
Tue Jan 04 16:58:32 CET 2022 FINE: Trying to start testcanceljava
Tue Jan 04 16:58:32 CET 2022 FINE: Application testcanceljava.30 has stream
Tue Jan 04 16:58:32 CET 2022 FINE: Application testcanceljava.30 has state STARTING
Tue Jan 04 16:58:32 CET 2022 INFO: Application testcanceljava.30 executes $ java "fr.ill.ics.cameo.test.TestCancel" "1" "{"server":"tcp:\/\/gamma36:10000","name":"testcanceljava","id":30}"
Tue Jan 04 16:58:32 CET 2022 INFO: Application testcanceljava.30 has pid 173960
Tue Jan 04 16:58:32 CET 2022 FINE: Application testcanceljava.30 is waiting end of starting time
Tue Jan 04 16:58:32 CET 2022 FINE: Application testcanceljava.30 started listening stream
Tue Jan 04 16:58:32 CET 2022 FINE: Application testcanceljava.30 has state RUNNING
Tue Jan 04 16:58:32 CET 2022 FINE: Received Version request
Tue Jan 04 16:58:32 CET 2022 FINE: Received Status request
Tue Jan 04 16:58:32 CET 2022 FINE: Received Sync message
Tue Jan 04 16:58:32 CET 2022 FINE: Received Start request
Tue Jan 04 16:58:32 CET 2022 FINE: Trying to start stopjava
Tue Jan 04 16:58:32 CET 2022 FINE: Application stopjava.31 has stream
Tue Jan 04 16:58:32 CET 2022 FINE: Application stopjava.31 has state STARTING
Tue Jan 04 16:58:32 CET 2022 INFO: Application stopjava.31 executes $ java "fr.ill.ics.cameo.test.Stop" "{"server":"tcp:\/\/gamma36:10000","starter":{"server":"tcp:\/\/gamma36:10000","name":"testcanceljava","id":30},"name":"stopjava","id":31}"
Tue Jan 04 16:58:32 CET 2022 INFO: Application stopjava.31 has pid 173982
Tue Jan 04 16:58:32 CET 2022 FINE: Application stopjava.31 is waiting end of starting time
Tue Jan 04 16:58:32 CET 2022 FINE: Application stopjava.31 started listening stream
Tue Jan 04 16:58:32 CET 2022 FINE: Received Version request
Tue Jan 04 16:58:32 CET 2022 FINE: Received Status request
Tue Jan 04 16:58:32 CET 2022 FINE: Received Sync message
Tue Jan 04 16:58:32 CET 2022 FINE: Received Version request
Tue Jan 04 16:58:32 CET 2022 FINE: Received Status request
Tue Jan 04 16:58:32 CET 2022 FINE: Application stopjava.31 has state RUNNING
Tue Jan 04 16:58:32 CET 2022 FINE: Received Sync message
Tue Jan 04 16:58:32 CET 2022 FINE: Received SetStopHandler request
Tue Jan 04 16:58:32 CET 2022 FINE: Application stopjava.31 has a stop handler with stopping time 2s
Tue Jan 04 16:58:33 CET 2022 FINE: Received Stop request
Tue Jan 04 16:58:33 CET 2022 INFO: Application stopjava.31 has to stop
Tue Jan 04 16:58:33 CET 2022 FINE: Application stopjava.31 has state STOPPING
Tue Jan 04 16:58:33 CET 2022 INFO: Application stopjava.31 is waited to stop before 2s
Tue Jan 04 16:58:33 CET 2022 FINE: Received SetResult request
Tue Jan 04 16:58:33 CET 2022 FINE: Application stopjava.31 has state STOPPED
Tue Jan 04 16:58:33 CET 2022 FINE: Application stopjava.31 finished listening stream
Tue Jan 04 16:58:33 CET 2022 FINE: Received Start request
Tue Jan 04 16:58:33 CET 2022 FINE: Trying to start stopjava
Tue Jan 04 16:58:33 CET 2022 FINE: Application stopjava.32 has stream
Tue Jan 04 16:58:33 CET 2022 FINE: Application stopjava.32 has state STARTING
Tue Jan 04 16:58:33 CET 2022 INFO: Application stopjava.32 executes $ java "fr.ill.ics.cameo.test.Stop" "{"server":"tcp:\/\/gamma36:10000","starter":{"server":"tcp:\/\/gamma36:10000","name":"testcanceljava","id":30},"name":"stopjava","id":32}"
Tue Jan 04 16:58:33 CET 2022 INFO: Application stopjava.32 has pid 174011
Tue Jan 04 16:58:33 CET 2022 FINE: Application stopjava.32 is waiting end of starting time
Tue Jan 04 16:58:33 CET 2022 FINE: Application stopjava.32 started listening stream
Tue Jan 04 16:58:33 CET 2022 FINE: Application stopjava.32 has state RUNNING
Tue Jan 04 16:58:33 CET 2022 FINE: Received Version request
Tue Jan 04 16:58:33 CET 2022 FINE: Received Status request
Tue Jan 04 16:58:33 CET 2022 FINE: Received Sync message
Tue Jan 04 16:58:33 CET 2022 FINE: Received Version request
Tue Jan 04 16:58:33 CET 2022 FINE: Received Status request
Tue Jan 04 16:58:33 CET 2022 FINE: Received Sync message
Tue Jan 04 16:58:33 CET 2022 FINE: Received SetStopHandler request
Tue Jan 04 16:58:33 CET 2022 FINE: Application stopjava.32 has a stop handler with stopping time 2s
Tue Jan 04 16:58:34 CET 2022 FINE: Received Stop request
Tue Jan 04 16:58:34 CET 2022 INFO: Application stopjava.32 has to stop
Tue Jan 04 16:58:34 CET 2022 FINE: Application stopjava.32 has state STOPPING
Tue Jan 04 16:58:34 CET 2022 INFO: Application stopjava.32 is waited to stop before 2s
Tue Jan 04 16:58:34 CET 2022 FINE: Received SetResult request
Tue Jan 04 16:58:34 CET 2022 FINE: Application stopjava.32 has state STOPPED
Tue Jan 04 16:58:34 CET 2022 FINE: Application stopjava.32 finished listening stream
Tue Jan 04 16:58:34 CET 2022 FINE: Received CreatePublisher request
Tue Jan 04 16:58:34 CET 2022 INFO: Application testcanceljava.30 has publisher socket on ports 10076 and 10077
Tue Jan 04 16:58:35 CET 2022 FINE: Received TerminatePublisher request
Tue Jan 04 16:58:35 CET 2022 INFO: Application testcanceljava.30 closed publisher socket publisher on ports 10076 and 10077
Tue Jan 04 16:58:35 CET 2022 FINE: Received Start request
Tue Jan 04 16:58:35 CET 2022 FINE: Trying to start publisherloopjava
Tue Jan 04 16:58:35 CET 2022 FINE: Application publisherloopjava.33 has stream to log file 'logs'
Tue Jan 04 16:58:35 CET 2022 FINE: Application publisherloopjava.33 has state STARTING
Tue Jan 04 16:58:35 CET 2022 INFO: Application publisherloopjava.33 executes $ java "fr.ill.ics.cameo.test.PublisherLoop" "{"server":"tcp:\/\/gamma36:10000","starter":{"server":"tcp:\/\/gamma36:10000","name":"testcanceljava","id":30},"name":"publisherloopjava","id":33}"
Tue Jan 04 16:58:35 CET 2022 INFO: Application publisherloopjava.33 has pid 174039
Tue Jan 04 16:58:35 CET 2022 FINE: Application publisherloopjava.33 is waiting end of starting time
Tue Jan 04 16:58:35 CET 2022 FINE: Application publisherloopjava.33 started listening stream
Tue Jan 04 16:58:35 CET 2022 FINE: Received ConnectPublisher request
Tue Jan 04 16:58:36 CET 2022 FINE: Received Version request
Tue Jan 04 16:58:36 CET 2022 FINE: Received Status request
Tue Jan 04 16:58:36 CET 2022 FINE: Received Sync message
Tue Jan 04 16:58:36 CET 2022 FINE: Received Version request
Tue Jan 04 16:58:36 CET 2022 FINE: Received Status request
Tue Jan 04 16:58:36 CET 2022 FINE: Received Sync message
Tue Jan 04 16:58:36 CET 2022 FINE: Received CreatePublisher request
Tue Jan 04 16:58:36 CET 2022 INFO: Application publisherloopjava.33 has publisher socket on ports 10076 and 10077
Tue Jan 04 16:58:36 CET 2022 FINE: Received ConnectPublisher request
Tue Jan 04 16:58:36 CET 2022 FINE: Received SetStatus request
Tue Jan 04 16:58:36 CET 2022 FINE: Application publisherloopjava.33 has state RUNNING
Tue Jan 04 16:58:36 CET 2022 FINE: Received Kill request
Tue Jan 04 16:58:36 CET 2022 INFO: Application publisherloopjava.33 has to stop
Tue Jan 04 16:58:36 CET 2022 FINE: Application publisherloopjava.33 has state KILLING
Tue Jan 04 16:58:36 CET 2022 FINE: Application publisherloopjava.33 has state KILLED
Tue Jan 04 16:58:36 CET 2022 FINE: Received Start request
Tue Jan 04 16:58:36 CET 2022 FINE: Trying to start publisherloopjava
Tue Jan 04 16:58:36 CET 2022 FINE: Application publisherloopjava.34 has stream to log file 'logs'
Tue Jan 04 16:58:36 CET 2022 FINE: Application publisherloopjava.34 has state STARTING
Tue Jan 04 16:58:36 CET 2022 INFO: Application publisherloopjava.34 executes $ java "fr.ill.ics.cameo.test.PublisherLoop" "{"server":"tcp:\/\/gamma36:10000","starter":{"server":"tcp:\/\/gamma36:10000","name":"testcanceljava","id":30},"name":"publisherloopjava","id":34}"
Tue Jan 04 16:58:36 CET 2022 INFO: Application publisherloopjava.34 has pid 174065
Tue Jan 04 16:58:36 CET 2022 FINE: Application publisherloopjava.34 is waiting end of starting time
Tue Jan 04 16:58:36 CET 2022 FINE: Application publisherloopjava.34 started listening stream
Tue Jan 04 16:58:36 CET 2022 FINE: Received ConnectPublisher request
Tue Jan 04 16:58:37 CET 2022 FINE: Application publisherloopjava.33 finished listening stream
Tue Jan 04 16:58:37 CET 2022 FINE: Received Version request
Tue Jan 04 16:58:37 CET 2022 FINE: Received Status request
Tue Jan 04 16:58:37 CET 2022 FINE: Received Sync message
Tue Jan 04 16:58:37 CET 2022 FINE: Received Version request
Tue Jan 04 16:58:37 CET 2022 FINE: Received Status request
Tue Jan 04 16:58:37 CET 2022 FINE: Received Sync message
Tue Jan 04 16:58:37 CET 2022 FINE: Received CreatePublisher request
Tue Jan 04 16:58:37 CET 2022 INFO: Application publisherloopjava.34 has publisher socket on ports 10076 and 10077
Tue Jan 04 16:58:37 CET 2022 FINE: Received ConnectPublisher request
Tue Jan 04 16:58:37 CET 2022 FINE: Received SetStatus request
Tue Jan 04 16:58:37 CET 2022 FINE: Application publisherloopjava.34 has state RUNNING
Tue Jan 04 16:58:39 CET 2022 FINE: Received Kill request
Tue Jan 04 16:58:39 CET 2022 INFO: Application publisherloopjava.34 has to stop
Tue Jan 04 16:58:39 CET 2022 FINE: Application publisherloopjava.34 has state KILLING
Tue Jan 04 16:58:39 CET 2022 FINE: Application publisherloopjava.34 has state KILLED
Tue Jan 04 16:58:39 CET 2022 FINE: Received RequestPortV0 request
Tue Jan 04 16:58:39 CET 2022 INFO: Application testcanceljava.30 has socket rep.responder on port 10076
Tue Jan 04 16:58:39 CET 2022 FINE: Application publisherloopjava.34 finished listening stream
Tue Jan 04 16:58:40 CET 2022 FINE: Received RemovePortV0 request
Tue Jan 04 16:58:40 CET 2022 INFO: Application testcanceljava.30 removed socket rep.responder
Tue Jan 04 16:58:40 CET 2022 INFO: Application testcanceljava.30 has terminated
Tue Jan 04 16:58:40 CET 2022 FINE: Application testcanceljava.30 has state SUCCESS
Tue Jan 04 16:58:40 CET 2022 FINE: Application testcanceljava.30 finished listening stream
Tue Jan 04 16:58:40 CET 2022 FINE: Received OuputPort request
Tue Jan 04 16:58:40 CET 2022 FINE: Received SyncStream message
Tue Jan 04 16:58:40 CET 2022 FINE: Received Start request
Tue Jan 04 16:58:40 CET 2022 FINE: Trying to start teststreamjava
Tue Jan 04 16:58:40 CET 2022 FINE: Application teststreamjava.35 has stream to log file 'logs'
Tue Jan 04 16:58:40 CET 2022 FINE: Application teststreamjava.35 has state STARTING
Tue Jan 04 16:58:40 CET 2022 INFO: Application teststreamjava.35 executes $ java "fr.ill.ics.cameo.test.TestStream" "1" "{"server":"tcp:\/\/gamma36:10000","name":"teststreamjava","id":35}"
Tue Jan 04 16:58:40 CET 2022 INFO: Application teststreamjava.35 has pid 174095
Tue Jan 04 16:58:40 CET 2022 FINE: Application teststreamjava.35 is waiting end of starting time
Tue Jan 04 16:58:40 CET 2022 FINE: Application teststreamjava.35 started listening stream
Tue Jan 04 16:58:40 CET 2022 FINE: Received Version request
Tue Jan 04 16:58:40 CET 2022 FINE: Application teststreamjava.35 has state RUNNING
Tue Jan 04 16:58:40 CET 2022 FINE: Received Status request
Tue Jan 04 16:58:40 CET 2022 FINE: Received Sync message
Tue Jan 04 16:58:40 CET 2022 FINE: Received OuputPort request
Tue Jan 04 16:58:40 CET 2022 FINE: Received SyncStream message
Tue Jan 04 16:58:40 CET 2022 FINE: Received Start request
Tue Jan 04 16:58:40 CET 2022 FINE: Trying to start streamjava
Tue Jan 04 16:58:40 CET 2022 FINE: Application streamjava.36 has stream to log file 'logs'
Tue Jan 04 16:58:40 CET 2022 FINE: Application streamjava.36 has state STARTING
Tue Jan 04 16:58:40 CET 2022 INFO: Application streamjava.36 executes $ java "fr.ill.ics.cameo.test.Stream" "{"server":"tcp:\/\/gamma36:10000","starter":{"server":"tcp:\/\/gamma36:10000","name":"teststreamjava","id":35},"name":"streamjava","id":36}"
Tue Jan 04 16:58:40 CET 2022 INFO: Application streamjava.36 has pid 174118
Tue Jan 04 16:58:40 CET 2022 FINE: Application streamjava.36 is waiting end of starting time
Tue Jan 04 16:58:40 CET 2022 FINE: Application streamjava.36 started listening stream
Tue Jan 04 16:58:40 CET 2022 FINE: Received Version request
Tue Jan 04 16:58:40 CET 2022 FINE: Received Status request
Tue Jan 04 16:58:40 CET 2022 FINE: Received Sync message
Tue Jan 04 16:58:40 CET 2022 FINE: Received Version request
Tue Jan 04 16:58:40 CET 2022 FINE: Received Status request
Tue Jan 04 16:58:40 CET 2022 FINE: Application streamjava.36 has state RUNNING
Tue Jan 04 16:58:40 CET 2022 FINE: Received Sync message
Tue Jan 04 16:58:42 CET 2022 INFO: Application streamjava.36 has terminated
Tue Jan 04 16:58:42 CET 2022 FINE: Application streamjava.36 has state SUCCESS
Tue Jan 04 16:58:42 CET 2022 FINE: Application streamjava.36 finished listening stream
Tue Jan 04 16:58:42 CET 2022 INFO: Application teststreamjava.35 has terminated
Tue Jan 04 16:58:42 CET 2022 FINE: Application teststreamjava.35 has state SUCCESS
Tue Jan 04 16:58:42 CET 2022 FINE: Application teststreamjava.35 finished listening stream
